client echo created with hash da5e7b2c
find_successor-q sent (0xda5e7b2d)
find_successor-r received (0xbf0a5ea2 53191)
successor-q sent (0xbf0a5ea2)
successor-r received (0xbf0a5ea2 0x270056fe 53182)
predecessor-q sent (0xbf0a5ea2)
predecessor-r received (0xbf0a5ea2 0xab9558d5 53188)
update-q sent (0xbf0a5ea2 0xda5e7b2c 53194 0)
update-r received (0xbf0a5ea2 1 0xda5e7b2c 53194 0)
closest_preceding_finger-q sent (0xda5e7b2b)
closest_preceding_finger-r received (0xbf0a5ea2 53191)
update-q sent (0xbf0a5ea2 0xda5e7b2c 53194 1)
successor-q received (0xda5e7b2c)
successor-r sent (0xda5e7b2c 0xbf0a5ea2 53191)
update-double-successor-q received (0xda5e7b2c 0xcfca)
update-double-successor-r sent (0xda5e7b2c 0xcfca)
update-r received (0xbf0a5ea2 1 0xda5e7b2c 53194 1)
closest_preceding_finger-q sent (0xda5e7b2a)
closest_preceding_finger-r received (0xbf0a5ea2 53191)
update-q sent (0xbf0a5ea2 0xda5e7b2c 53194 2)
update-r received (0xbf0a5ea2 1 0xda5e7b2c 53194 2)
closest_preceding_finger-q sent (0xda5e7b28)
closest_preceding_finger-r received (0xbf0a5ea2 53191)
update-q sent (0xbf0a5ea2 0xda5e7b2c 53194 3)
update-r received (0xbf0a5ea2 1 0xda5e7b2c 53194 3)
closest_preceding_finger-q sent (0xda5e7b24)
closest_preceding_finger-r received (0xbf0a5ea2 53191)
update-q sent (0xbf0a5ea2 0xda5e7b2c 53194 4)
update-r received (0xbf0a5ea2 1 0xda5e7b2c 53194 4)
closest_preceding_finger-q sent (0xda5e7b1c)
closest_preceding_finger-r received (0xbf0a5ea2 53191)
update-q sent (0xbf0a5ea2 0xda5e7b2c 53194 5)
update-r received (0xbf0a5ea2 1 0xda5e7b2c 53194 5)
closest_preceding_finger-q sent (0xda5e7b0c)
closest_preceding_finger-r received (0xbf0a5ea2 53191)
update-q sent (0xbf0a5ea2 0xda5e7b2c 53194 6)
update-r received (0xbf0a5ea2 1 0xda5e7b2c 53194 6)
closest_preceding_finger-q sent (0xda5e7aec)
closest_preceding_finger-r received (0xbf0a5ea2 53191)
update-q sent (0xbf0a5ea2 0xda5e7b2c 53194 7)
update-r received (0xbf0a5ea2 1 0xda5e7b2c 53194 7)
closest_preceding_finger-q sent (0xda5e7aac)
closest_preceding_finger-r received (0xbf0a5ea2 53191)
update-q sent (0xbf0a5ea2 0xda5e7b2c 53194 8)
update-r received (0xbf0a5ea2 1 0xda5e7b2c 53194 8)
closest_preceding_finger-q sent (0xda5e7a2c)
closest_preceding_finger-r received (0xbf0a5ea2 53191)
update-q sent (0xbf0a5ea2 0xda5e7b2c 53194 9)
update-r received (0xbf0a5ea2 1 0xda5e7b2c 53194 9)
closest_preceding_finger-q sent (0xda5e792c)
closest_preceding_finger-r received (0xbf0a5ea2 53191)
update-q sent (0xbf0a5ea2 0xda5e7b2c 53194 10)
update-r received (0xbf0a5ea2 1 0xda5e7b2c 53194 10)
closest_preceding_finger-q sent (0xda5e772c)
closest_preceding_finger-r received (0xbf0a5ea2 53191)
update-q sent (0xbf0a5ea2 0xda5e7b2c 53194 11)
update-r received (0xbf0a5ea2 1 0xda5e7b2c 53194 11)
closest_preceding_finger-q sent (0xda5e732c)
closest_preceding_finger-r received (0xbf0a5ea2 53191)
update-q sent (0xbf0a5ea2 0xda5e7b2c 53194 12)
update-r received (0xbf0a5ea2 1 0xda5e7b2c 53194 12)
closest_preceding_finger-q sent (0xda5e6b2c)
closest_preceding_finger-r received (0xbf0a5ea2 53191)
update-q sent (0xbf0a5ea2 0xda5e7b2c 53194 13)
update-r received (0xbf0a5ea2 1 0xda5e7b2c 53194 13)
closest_preceding_finger-q sent (0xda5e5b2c)
closest_preceding_finger-r received (0xbf0a5ea2 53191)
update-q sent (0xbf0a5ea2 0xda5e7b2c 53194 14)
update-r received (0xbf0a5ea2 1 0xda5e7b2c 53194 14)
closest_preceding_finger-q sent (0xda5e3b2c)
closest_preceding_finger-r received (0xbf0a5ea2 53191)
update-q sent (0xbf0a5ea2 0xda5e7b2c 53194 15)
update-r received (0xbf0a5ea2 1 0xda5e7b2c 53194 15)
closest_preceding_finger-q sent (0xda5dfb2c)
closest_preceding_finger-r received (0xbf0a5ea2 53191)
update-q sent (0xbf0a5ea2 0xda5e7b2c 53194 16)
update-r received (0xbf0a5ea2 1 0xda5e7b2c 53194 16)
closest_preceding_finger-q sent (0xda5d7b2c)
closest_preceding_finger-r received (0xbf0a5ea2 53191)
update-q sent (0xbf0a5ea2 0xda5e7b2c 53194 17)
update-r received (0xbf0a5ea2 1 0xda5e7b2c 53194 17)
closest_preceding_finger-q sent (0xda5c7b2c)
closest_preceding_finger-r received (0xbf0a5ea2 53191)
update-q sent (0xbf0a5ea2 0xda5e7b2c 53194 18)
update-r received (0xbf0a5ea2 1 0xda5e7b2c 53194 18)
closest_preceding_finger-q sent (0xda5a7b2c)
closest_preceding_finger-r received (0xbf0a5ea2 53191)
update-q sent (0xbf0a5ea2 0xda5e7b2c 53194 19)
update-r received (0xbf0a5ea2 1 0xda5e7b2c 53194 19)
closest_preceding_finger-q sent (0xda567b2c)
closest_preceding_finger-r received (0xbf0a5ea2 53191)
update-q sent (0xbf0a5ea2 0xda5e7b2c 53194 20)
update-r received (0xbf0a5ea2 1 0xda5e7b2c 53194 20)
closest_preceding_finger-q sent (0xda4e7b2c)
closest_preceding_finger-r received (0xbf0a5ea2 53191)
update-q sent (0xbf0a5ea2 0xda5e7b2c 53194 21)
update-r received (0xbf0a5ea2 1 0xda5e7b2c 53194 21)
closest_preceding_finger-q sent (0xda3e7b2c)
closest_preceding_finger-r received (0xbf0a5ea2 53191)
update-q sent (0xbf0a5ea2 0xda5e7b2c 53194 22)
update-r received (0xbf0a5ea2 1 0xda5e7b2c 53194 22)
closest_preceding_finger-q sent (0xda1e7b2c)
closest_preceding_finger-r received (0xbf0a5ea2 53191)
update-q sent (0xbf0a5ea2 0xda5e7b2c 53194 23)
update-r received (0xbf0a5ea2 1 0xda5e7b2c 53194 23)
closest_preceding_finger-q sent (0xd9de7b2c)
closest_preceding_finger-r received (0xbf0a5ea2 53191)
update-q sent (0xbf0a5ea2 0xda5e7b2c 53194 24)
update-r received (0xbf0a5ea2 1 0xda5e7b2c 53194 24)
closest_preceding_finger-q sent (0xd95e7b2c)
closest_preceding_finger-r received (0xbf0a5ea2 53191)
update-q sent (0xbf0a5ea2 0xda5e7b2c 53194 25)
update-r received (0xbf0a5ea2 1 0xda5e7b2c 53194 25)
closest_preceding_finger-q sent (0xd85e7b2c)
closest_preceding_finger-r received (0xbf0a5ea2 53191)
update-q sent (0xbf0a5ea2 0xda5e7b2c 53194 26)
update-r received (0xbf0a5ea2 1 0xda5e7b2c 53194 26)
closest_preceding_finger-q sent (0xd65e7b2c)
closest_preceding_finger-r received (0xbf0a5ea2 53191)
update-q sent (0xbf0a5ea2 0xda5e7b2c 53194 27)
update-r received (0xbf0a5ea2 1 0xda5e7b2c 53194 27)
closest_preceding_finger-q sent (0xd25e7b2c)
closest_preceding_finger-r received (0xbf0a5ea2 53191)
update-q sent (0xbf0a5ea2 0xda5e7b2c 53194 28)
update-r received (0xbf0a5ea2 1 0xda5e7b2c 53194 28)
closest_preceding_finger-q sent (0xca5e7b2c)
closest_preceding_finger-r received (0xbf0a5ea2 53191)
update-q sent (0xbf0a5ea2 0xda5e7b2c 53194 29)
update-r received (0xbf0a5ea2 1 0xda5e7b2c 53194 29)
