client foxtrot created with hash d9aa956e
find_successor-q sent (0xd9aa956f)
find_successor-r received (0xbf0a5ea2 53191)
successor-q sent (0xbf0a5ea2)
successor-r received (0xbf0a5ea2 0xda5e7b2c 53194)
predecessor-q sent (0xbf0a5ea2)
predecessor-r received (0xbf0a5ea2 0xda5e7b2c 53194)
update-q sent (0xbf0a5ea2 0xd9aa956e 53197 0)
update-r received (0xbf0a5ea2 1 0xd9aa956e 53197 0)
closest_preceding_finger-q sent (0xd9aa956d)
closest_preceding_finger-r received (0xbf0a5ea2 53191)
update-q sent (0xbf0a5ea2 0xd9aa956e 53197 1)
successor-q received (0xd9aa956e)
successor-r sent (0xd9aa956e 0xbf0a5ea2 53191)
update-double-successor-q received (0xd9aa956e 0xcfcd)
update-double-successor-r sent (0xd9aa956e 0xcfcd)
update-r received (0xbf0a5ea2 1 0xd9aa956e 53197 1)
closest_preceding_finger-q sent (0xd9aa956c)
closest_preceding_finger-r received (0xbf0a5ea2 53191)
update-q sent (0xbf0a5ea2 0xd9aa956e 53197 2)
update-r received (0xbf0a5ea2 1 0xd9aa956e 53197 2)
closest_preceding_finger-q sent (0xd9aa956a)
closest_preceding_finger-r received (0xbf0a5ea2 53191)
update-q sent (0xbf0a5ea2 0xd9aa956e 53197 3)
update-r received (0xbf0a5ea2 1 0xd9aa956e 53197 3)
closest_preceding_finger-q sent (0xd9aa9566)
closest_preceding_finger-r received (0xbf0a5ea2 53191)
update-q sent (0xbf0a5ea2 0xd9aa956e 53197 4)
update-r received (0xbf0a5ea2 1 0xd9aa956e 53197 4)
closest_preceding_finger-q sent (0xd9aa955e)
closest_preceding_finger-r received (0xbf0a5ea2 53191)
update-q sent (0xbf0a5ea2 0xd9aa956e 53197 5)
update-r received (0xbf0a5ea2 1 0xd9aa956e 53197 5)
closest_preceding_finger-q sent (0xd9aa954e)
closest_preceding_finger-r received (0xbf0a5ea2 53191)
update-q sent (0xbf0a5ea2 0xd9aa956e 53197 6)
update-r received (0xbf0a5ea2 1 0xd9aa956e 53197 6)
closest_preceding_finger-q sent (0xd9aa952e)
closest_preceding_finger-r received (0xbf0a5ea2 53191)
update-q sent (0xbf0a5ea2 0xd9aa956e 53197 7)
update-r received (0xbf0a5ea2 1 0xd9aa956e 53197 7)
closest_preceding_finger-q sent (0xd9aa94ee)
closest_preceding_finger-r received (0xbf0a5ea2 53191)
update-q sent (0xbf0a5ea2 0xd9aa956e 53197 8)
update-r received (0xbf0a5ea2 1 0xd9aa956e 53197 8)
closest_preceding_finger-q sent (0xd9aa946e)
closest_preceding_finger-r received (0xbf0a5ea2 53191)
update-q sent (0xbf0a5ea2 0xd9aa956e 53197 9)
update-r received (0xbf0a5ea2 1 0xd9aa956e 53197 9)
closest_preceding_finger-q sent (0xd9aa936e)
closest_preceding_finger-r received (0xbf0a5ea2 53191)
update-q sent (0xbf0a5ea2 0xd9aa956e 53197 10)
update-r received (0xbf0a5ea2 1 0xd9aa956e 53197 10)
closest_preceding_finger-q sent (0xd9aa916e)
closest_preceding_finger-r received (0xbf0a5ea2 53191)
update-q sent (0xbf0a5ea2 0xd9aa956e 53197 11)
update-r received (0xbf0a5ea2 1 0xd9aa956e 53197 11)
closest_preceding_finger-q sent (0xd9aa8d6e)
closest_preceding_finger-r received (0xbf0a5ea2 53191)
update-q sent (0xbf0a5ea2 0xd9aa956e 53197 12)
update-r received (0xbf0a5ea2 1 0xd9aa956e 53197 12)
closest_preceding_finger-q sent (0xd9aa856e)
closest_preceding_finger-r received (0xbf0a5ea2 53191)
update-q sent (0xbf0a5ea2 0xd9aa956e 53197 13)
update-r received (0xbf0a5ea2 1 0xd9aa956e 53197 13)
closest_preceding_finger-q sent (0xd9aa756e)
closest_preceding_finger-r received (0xbf0a5ea2 53191)
update-q sent (0xbf0a5ea2 0xd9aa956e 53197 14)
update-r received (0xbf0a5ea2 1 0xd9aa956e 53197 14)
closest_preceding_finger-q sent (0xd9aa556e)
closest_preceding_finger-r received (0xbf0a5ea2 53191)
update-q sent (0xbf0a5ea2 0xd9aa956e 53197 15)
update-r received (0xbf0a5ea2 1 0xd9aa956e 53197 15)
closest_preceding_finger-q sent (0xd9aa156e)
closest_preceding_finger-r received (0xbf0a5ea2 53191)
update-q sent (0xbf0a5ea2 0xd9aa956e 53197 16)
update-r received (0xbf0a5ea2 1 0xd9aa956e 53197 16)
closest_preceding_finger-q sent (0xd9a9956e)
closest_preceding_finger-r received (0xbf0a5ea2 53191)
update-q sent (0xbf0a5ea2 0xd9aa956e 53197 17)
update-r received (0xbf0a5ea2 1 0xd9aa956e 53197 17)
closest_preceding_finger-q sent (0xd9a8956e)
closest_preceding_finger-r received (0xbf0a5ea2 53191)
update-q sent (0xbf0a5ea2 0xd9aa956e 53197 18)
update-r received (0xbf0a5ea2 1 0xd9aa956e 53197 18)
closest_preceding_finger-q sent (0xd9a6956e)
closest_preceding_finger-r received (0xbf0a5ea2 53191)
update-q sent (0xbf0a5ea2 0xd9aa956e 53197 19)
update-r received (0xbf0a5ea2 1 0xd9aa956e 53197 19)
closest_preceding_finger-q sent (0xd9a2956e)
closest_preceding_finger-r received (0xbf0a5ea2 53191)
update-q sent (0xbf0a5ea2 0xd9aa956e 53197 20)
update-r received (0xbf0a5ea2 1 0xd9aa956e 53197 20)
closest_preceding_finger-q sent (0xd99a956e)
closest_preceding_finger-r received (0xbf0a5ea2 53191)
update-q sent (0xbf0a5ea2 0xd9aa956e 53197 21)
update-r received (0xbf0a5ea2 1 0xd9aa956e 53197 21)
closest_preceding_finger-q sent (0xd98a956e)
closest_preceding_finger-r received (0xbf0a5ea2 53191)
update-q sent (0xbf0a5ea2 0xd9aa956e 53197 22)
update-r received (0xbf0a5ea2 1 0xd9aa956e 53197 22)
closest_preceding_finger-q sent (0xd96a956e)
closest_preceding_finger-r received (0xbf0a5ea2 53191)
update-q sent (0xbf0a5ea2 0xd9aa956e 53197 23)
update-r received (0xbf0a5ea2 1 0xd9aa956e 53197 23)
closest_preceding_finger-q sent (0xd92a956e)
closest_preceding_finger-r received (0xbf0a5ea2 53191)
update-q sent (0xbf0a5ea2 0xd9aa956e 53197 24)
update-r received (0xbf0a5ea2 1 0xd9aa956e 53197 24)
closest_preceding_finger-q sent (0xd8aa956e)
closest_preceding_finger-r received (0xbf0a5ea2 53191)
update-q sent (0xbf0a5ea2 0xd9aa956e 53197 25)
update-r received (0xbf0a5ea2 1 0xd9aa956e 53197 25)
closest_preceding_finger-q sent (0xd7aa956e)
closest_preceding_finger-r received (0xbf0a5ea2 53191)
update-q sent (0xbf0a5ea2 0xd9aa956e 53197 26)
update-r received (0xbf0a5ea2 1 0xd9aa956e 53197 26)
closest_preceding_finger-q sent (0xd5aa956e)
closest_preceding_finger-r received (0xbf0a5ea2 53191)
update-q sent (0xbf0a5ea2 0xd9aa956e 53197 27)
update-r received (0xbf0a5ea2 1 0xd9aa956e 53197 27)
closest_preceding_finger-q sent (0xd1aa956e)
closest_preceding_finger-r received (0xbf0a5ea2 53191)
update-q sent (0xbf0a5ea2 0xd9aa956e 53197 28)
update-r received (0xbf0a5ea2 1 0xd9aa956e 53197 28)
closest_preceding_finger-q sent (0xc9aa956e)
closest_preceding_finger-r received (0xbf0a5ea2 53191)
update-q sent (0xbf0a5ea2 0xd9aa956e 53197 29)
update-r received (0xbf0a5ea2 1 0xd9aa956e 53197 29)
