client delta created with hash 270056fe

find_successor-q received (0x47efa23e)
find_successor-r sent (0x270056fe 53182)

successor-q received (0x270056fe)
successor-r sent (0x270056fe 0x270056fe 53182)

predecessor-q received (0x270056fe)
predecessor-r sent (0x270056fe 0x270056fe 53182)

update-q received (0x270056fe 0x47efa23d 53185 0)
update-r sent (0x270056fe 0x1 0x47efa23d 53185 0)

closest_preceding_finger-q received (0x47efa23c)
closest_preceding_finger-r sent (0x270056fe 53182)

update-q received (0x270056fe 0x47efa23d 53185 1)
successor-q sent (0x47efa23d)
successor-r received (0x47efa23d 0x270056fe 53182)
update-double-successor-r received (0x47efa23d 0xcfc1)
update-r sent (0x270056fe 0x1 0x47efa23d 53185 1)

closest_preceding_finger-q received (0x47efa23b)
closest_preceding_finger-r sent (0x270056fe 53182)

update-q received (0x270056fe 0x47efa23d 53185 2)
update-r sent (0x270056fe 0x1 0x47efa23d 53185 2)

closest_preceding_finger-q received (0x47efa239)
closest_preceding_finger-r sent (0x270056fe 53182)

update-q received (0x270056fe 0x47efa23d 53185 3)
update-r sent (0x270056fe 0x1 0x47efa23d 53185 3)

closest_preceding_finger-q received (0x47efa235)
closest_preceding_finger-r sent (0x270056fe 53182)

update-q received (0x270056fe 0x47efa23d 53185 4)
update-r sent (0x270056fe 0x1 0x47efa23d 53185 4)

closest_preceding_finger-q received (0x47efa22d)
closest_preceding_finger-r sent (0x270056fe 53182)

update-q received (0x270056fe 0x47efa23d 53185 5)
update-r sent (0x270056fe 0x1 0x47efa23d 53185 5)

closest_preceding_finger-q received (0x47efa21d)
closest_preceding_finger-r sent (0x270056fe 53182)

update-q received (0x270056fe 0x47efa23d 53185 6)
update-r sent (0x270056fe 0x1 0x47efa23d 53185 6)

closest_preceding_finger-q received (0x47efa1fd)
closest_preceding_finger-r sent (0x270056fe 53182)

update-q received (0x270056fe 0x47efa23d 53185 7)
update-r sent (0x270056fe 0x1 0x47efa23d 53185 7)

closest_preceding_finger-q received (0x47efa1bd)
closest_preceding_finger-r sent (0x270056fe 53182)

update-q received (0x270056fe 0x47efa23d 53185 8)
update-r sent (0x270056fe 0x1 0x47efa23d 53185 8)

closest_preceding_finger-q received (0x47efa13d)
closest_preceding_finger-r sent (0x270056fe 53182)

update-q received (0x270056fe 0x47efa23d 53185 9)
update-r sent (0x270056fe 0x1 0x47efa23d 53185 9)

closest_preceding_finger-q received (0x47efa03d)
closest_preceding_finger-r sent (0x270056fe 53182)

update-q received (0x270056fe 0x47efa23d 53185 10)
update-r sent (0x270056fe 0x1 0x47efa23d 53185 10)

closest_preceding_finger-q received (0x47ef9e3d)
closest_preceding_finger-r sent (0x270056fe 53182)

update-q received (0x270056fe 0x47efa23d 53185 11)
update-r sent (0x270056fe 0x1 0x47efa23d 53185 11)

closest_preceding_finger-q received (0x47ef9a3d)
closest_preceding_finger-r sent (0x270056fe 53182)

update-q received (0x270056fe 0x47efa23d 53185 12)
update-r sent (0x270056fe 0x1 0x47efa23d 53185 12)

closest_preceding_finger-q received (0x47ef923d)
closest_preceding_finger-r sent (0x270056fe 53182)

update-q received (0x270056fe 0x47efa23d 53185 13)
update-r sent (0x270056fe 0x1 0x47efa23d 53185 13)

closest_preceding_finger-q received (0x47ef823d)
closest_preceding_finger-r sent (0x270056fe 53182)

update-q received (0x270056fe 0x47efa23d 53185 14)
update-r sent (0x270056fe 0x1 0x47efa23d 53185 14)

closest_preceding_finger-q received (0x47ef623d)
closest_preceding_finger-r sent (0x270056fe 53182)

update-q received (0x270056fe 0x47efa23d 53185 15)
update-r sent (0x270056fe 0x1 0x47efa23d 53185 15)

closest_preceding_finger-q received (0x47ef223d)
closest_preceding_finger-r sent (0x270056fe 53182)

update-q received (0x270056fe 0x47efa23d 53185 16)
update-r sent (0x270056fe 0x1 0x47efa23d 53185 16)

closest_preceding_finger-q received (0x47eea23d)
closest_preceding_finger-r sent (0x270056fe 53182)

update-q received (0x270056fe 0x47efa23d 53185 17)
update-r sent (0x270056fe 0x1 0x47efa23d 53185 17)

closest_preceding_finger-q received (0x47eda23d)
closest_preceding_finger-r sent (0x270056fe 53182)

update-q received (0x270056fe 0x47efa23d 53185 18)
update-r sent (0x270056fe 0x1 0x47efa23d 53185 18)

closest_preceding_finger-q received (0x47eba23d)
closest_preceding_finger-r sent (0x270056fe 53182)

update-q received (0x270056fe 0x47efa23d 53185 19)
update-r sent (0x270056fe 0x1 0x47efa23d 53185 19)

closest_preceding_finger-q received (0x47e7a23d)
closest_preceding_finger-r sent (0x270056fe 53182)

update-q received (0x270056fe 0x47efa23d 53185 20)
update-r sent (0x270056fe 0x1 0x47efa23d 53185 20)

closest_preceding_finger-q received (0x47dfa23d)
closest_preceding_finger-r sent (0x270056fe 53182)

update-q received (0x270056fe 0x47efa23d 53185 21)
update-r sent (0x270056fe 0x1 0x47efa23d 53185 21)

closest_preceding_finger-q received (0x47cfa23d)
closest_preceding_finger-r sent (0x270056fe 53182)

update-q received (0x270056fe 0x47efa23d 53185 22)
update-r sent (0x270056fe 0x1 0x47efa23d 53185 22)

closest_preceding_finger-q received (0x47afa23d)
closest_preceding_finger-r sent (0x270056fe 53182)

update-q received (0x270056fe 0x47efa23d 53185 23)
update-r sent (0x270056fe 0x1 0x47efa23d 53185 23)

closest_preceding_finger-q received (0x476fa23d)
closest_preceding_finger-r sent (0x270056fe 53182)

update-q received (0x270056fe 0x47efa23d 53185 24)
update-r sent (0x270056fe 0x1 0x47efa23d 53185 24)

closest_preceding_finger-q received (0x46efa23d)
closest_preceding_finger-r sent (0x270056fe 53182)

update-q received (0x270056fe 0x47efa23d 53185 25)
update-r sent (0x270056fe 0x1 0x47efa23d 53185 25)

closest_preceding_finger-q received (0x45efa23d)
closest_preceding_finger-r sent (0x270056fe 53182)

update-q received (0x270056fe 0x47efa23d 53185 26)
update-r sent (0x270056fe 0x1 0x47efa23d 53185 26)

closest_preceding_finger-q received (0x43efa23d)
closest_preceding_finger-r sent (0x270056fe 53182)

update-q received (0x270056fe 0x47efa23d 53185 27)
update-r sent (0x270056fe 0x1 0x47efa23d 53185 27)

closest_preceding_finger-q received (0x3fefa23d)
closest_preceding_finger-r sent (0x270056fe 53182)

update-q received (0x270056fe 0x47efa23d 53185 28)
update-r sent (0x270056fe 0x1 0x47efa23d 53185 28)

closest_preceding_finger-q received (0x37efa23d)
closest_preceding_finger-r sent (0x270056fe 53182)

update-q received (0x270056fe 0x47efa23d 53185 29)
update-r sent (0x270056fe 0x1 0x47efa23d 53185 29)

closest_preceding_finger-q received (0x27efa23d)
closest_preceding_finger-r sent (0x270056fe 53182)

update-q received (0x270056fe 0x47efa23d 53185 30)
update-r sent (0x270056fe 0x1 0x47efa23d 53185 30)

find_successor-q received (0xab9558d6)
closest_preceding_finger-q sent (0xab9558d6)
closest_preceding_finger-r received (0x47efa23d 53185)
successor-q sent (0x47efa23d)
successor-r received (0x47efa23d 0x270056fe 53182)
find_successor-r sent (0x270056fe 53182)

successor-q received (0x270056fe)
successor-r sent (0x270056fe 0x47efa23d 53185)

predecessor-q received (0x270056fe)
predecessor-r sent (0x270056fe 0x47efa23d 53185)

update-q received (0x270056fe 0xab9558d5 53188 0)
update-r sent (0x270056fe 0x1 0xab9558d5 53188 0)

find_successor-q received (0x2b9558d5)
find_successor-r sent (0x270056fe 53182)

closest_preceding_finger-q received (0xab9558d4)
closest_preceding_finger-r sent (0x47efa23d 53185)

update-double-successor-q received (0xab9558d5 0xcfc4)
update-double-successor-r sent (0xab9558d5 0xcfc4)

update-q received (0x270056fe 0xab9558d5 53188 1)
update-r sent (0x270056fe 0x0 0xab9558d5 53188 1)

closest_preceding_finger-q received (0xab9558d3)
closest_preceding_finger-r sent (0x47efa23d 53185)

update-q received (0x270056fe 0xab9558d5 53188 2)
update-r sent (0x270056fe 0x0 0xab9558d5 53188 2)

closest_preceding_finger-q received (0xab9558d1)
closest_preceding_finger-r sent (0x47efa23d 53185)

update-q received (0x270056fe 0xab9558d5 53188 3)
update-r sent (0x270056fe 0x0 0xab9558d5 53188 3)

closest_preceding_finger-q received (0xab9558cd)
closest_preceding_finger-r sent (0x47efa23d 53185)

update-q received (0x270056fe 0xab9558d5 53188 4)
update-r sent (0x270056fe 0x0 0xab9558d5 53188 4)

closest_preceding_finger-q received (0xab9558c5)
closest_preceding_finger-r sent (0x47efa23d 53185)

update-q received (0x270056fe 0xab9558d5 53188 5)
update-r sent (0x270056fe 0x0 0xab9558d5 53188 5)

closest_preceding_finger-q received (0xab9558b5)
closest_preceding_finger-r sent (0x47efa23d 53185)

update-q received (0x270056fe 0xab9558d5 53188 6)
update-r sent (0x270056fe 0x0 0xab9558d5 53188 6)

closest_preceding_finger-q received (0xab955895)
closest_preceding_finger-r sent (0x47efa23d 53185)

update-q received (0x270056fe 0xab9558d5 53188 7)
update-r sent (0x270056fe 0x0 0xab9558d5 53188 7)

closest_preceding_finger-q received (0xab955855)
closest_preceding_finger-r sent (0x47efa23d 53185)

update-q received (0x270056fe 0xab9558d5 53188 8)
update-r sent (0x270056fe 0x0 0xab9558d5 53188 8)

closest_preceding_finger-q received (0xab9557d5)
closest_preceding_finger-r sent (0x47efa23d 53185)

update-q received (0x270056fe 0xab9558d5 53188 9)
update-r sent (0x270056fe 0x0 0xab9558d5 53188 9)

closest_preceding_finger-q received (0xab9556d5)
closest_preceding_finger-r sent (0x47efa23d 53185)

update-q received (0x270056fe 0xab9558d5 53188 10)
update-r sent (0x270056fe 0x0 0xab9558d5 53188 10)

closest_preceding_finger-q received (0xab9554d5)
closest_preceding_finger-r sent (0x47efa23d 53185)

update-q received (0x270056fe 0xab9558d5 53188 11)
update-r sent (0x270056fe 0x0 0xab9558d5 53188 11)

closest_preceding_finger-q received (0xab9550d5)
closest_preceding_finger-r sent (0x47efa23d 53185)

update-q received (0x270056fe 0xab9558d5 53188 12)
update-r sent (0x270056fe 0x0 0xab9558d5 53188 12)

closest_preceding_finger-q received (0xab9548d5)
closest_preceding_finger-r sent (0x47efa23d 53185)

update-q received (0x270056fe 0xab9558d5 53188 13)
update-r sent (0x270056fe 0x0 0xab9558d5 53188 13)

closest_preceding_finger-q received (0xab9538d5)
closest_preceding_finger-r sent (0x47efa23d 53185)

update-q received (0x270056fe 0xab9558d5 53188 14)
update-r sent (0x270056fe 0x0 0xab9558d5 53188 14)

closest_preceding_finger-q received (0xab9518d5)
closest_preceding_finger-r sent (0x47efa23d 53185)

update-q received (0x270056fe 0xab9558d5 53188 15)
update-r sent (0x270056fe 0x0 0xab9558d5 53188 15)

closest_preceding_finger-q received (0xab94d8d5)
closest_preceding_finger-r sent (0x47efa23d 53185)

update-q received (0x270056fe 0xab9558d5 53188 16)
update-r sent (0x270056fe 0x0 0xab9558d5 53188 16)

closest_preceding_finger-q received (0xab9458d5)
closest_preceding_finger-r sent (0x47efa23d 53185)

update-q received (0x270056fe 0xab9558d5 53188 17)
update-r sent (0x270056fe 0x0 0xab9558d5 53188 17)

closest_preceding_finger-q received (0xab9358d5)
closest_preceding_finger-r sent (0x47efa23d 53185)

update-q received (0x270056fe 0xab9558d5 53188 18)
update-r sent (0x270056fe 0x0 0xab9558d5 53188 18)

closest_preceding_finger-q received (0xab9158d5)
closest_preceding_finger-r sent (0x47efa23d 53185)

update-q received (0x270056fe 0xab9558d5 53188 19)
update-r sent (0x270056fe 0x0 0xab9558d5 53188 19)

closest_preceding_finger-q received (0xab8d58d5)
closest_preceding_finger-r sent (0x47efa23d 53185)

update-q received (0x270056fe 0xab9558d5 53188 20)
update-r sent (0x270056fe 0x0 0xab9558d5 53188 20)

closest_preceding_finger-q received (0xab8558d5)
closest_preceding_finger-r sent (0x47efa23d 53185)

update-q received (0x270056fe 0xab9558d5 53188 21)
update-r sent (0x270056fe 0x0 0xab9558d5 53188 21)

closest_preceding_finger-q received (0xab7558d5)
closest_preceding_finger-r sent (0x47efa23d 53185)

update-q received (0x270056fe 0xab9558d5 53188 22)
update-r sent (0x270056fe 0x0 0xab9558d5 53188 22)

closest_preceding_finger-q received (0xab5558d5)
closest_preceding_finger-r sent (0x47efa23d 53185)

update-q received (0x270056fe 0xab9558d5 53188 23)
update-r sent (0x270056fe 0x0 0xab9558d5 53188 23)

closest_preceding_finger-q received (0xab1558d5)
closest_preceding_finger-r sent (0x47efa23d 53185)

update-q received (0x270056fe 0xab9558d5 53188 24)
update-r sent (0x270056fe 0x0 0xab9558d5 53188 24)

closest_preceding_finger-q received (0xaa9558d5)
closest_preceding_finger-r sent (0x47efa23d 53185)

update-q received (0x270056fe 0xab9558d5 53188 25)
update-r sent (0x270056fe 0x0 0xab9558d5 53188 25)

closest_preceding_finger-q received (0xa99558d5)
closest_preceding_finger-r sent (0x47efa23d 53185)

update-q received (0x270056fe 0xab9558d5 53188 26)
update-r sent (0x270056fe 0x0 0xab9558d5 53188 26)

closest_preceding_finger-q received (0xa79558d5)
closest_preceding_finger-r sent (0x47efa23d 53185)

update-q received (0x270056fe 0xab9558d5 53188 27)
update-r sent (0x270056fe 0x0 0xab9558d5 53188 27)

closest_preceding_finger-q received (0xa39558d5)
closest_preceding_finger-r sent (0x47efa23d 53185)

update-q received (0x270056fe 0xab9558d5 53188 28)
update-r sent (0x270056fe 0x0 0xab9558d5 53188 28)

closest_preceding_finger-q received (0x9b9558d5)
closest_preceding_finger-r sent (0x47efa23d 53185)

update-q received (0x270056fe 0xab9558d5 53188 29)
update-r sent (0x270056fe 0x0 0xab9558d5 53188 29)

closest_preceding_finger-q received (0x8b9558d5)
closest_preceding_finger-r sent (0x47efa23d 53185)

update-q received (0x270056fe 0xab9558d5 53188 30)
update-r sent (0x270056fe 0x0 0xab9558d5 53188 30)

closest_preceding_finger-q received (0x6b9558d5)
closest_preceding_finger-r sent (0x47efa23d 53185)

update-q received (0x270056fe 0xab9558d5 53188 31)
update-r sent (0x270056fe 0x1 0xab9558d5 53188 31)

closest_preceding_finger-q received (0x2b9558d5)
closest_preceding_finger-r sent (0x270056fe 53182)

update-q received (0x270056fe 0xab9558d5 53188 32)
update-r sent (0x270056fe 0x1 0xab9558d5 53188 32)

find_successor-q received (0xbf0a5ea3)
successor-q sent (0xab9558d5)
successor-r received (0xab9558d5 0x270056fe 53182)
find_successor-r sent (0x270056fe 53182)

successor-q received (0x270056fe)
successor-r sent (0x270056fe 0x47efa23d 53185)

predecessor-q received (0x270056fe)
predecessor-r sent (0x270056fe 0xab9558d5 53188)

update-q received (0x270056fe 0xbf0a5ea2 53191 0)
update-r sent (0x270056fe 0x1 0xbf0a5ea2 53191 0)

find_successor-q received (0x3f0a5ea2)
find_successor-r sent (0x270056fe 53182)

closest_preceding_finger-q received (0xbf0a5ea1)
closest_preceding_finger-r sent (0xab9558d5 53188)

closest_preceding_finger-q received (0xbf0a5ea0)
closest_preceding_finger-r sent (0xab9558d5 53188)

closest_preceding_finger-q received (0xbf0a5e9e)
closest_preceding_finger-r sent (0xab9558d5 53188)

closest_preceding_finger-q received (0xbf0a5e9a)
closest_preceding_finger-r sent (0xab9558d5 53188)

closest_preceding_finger-q received (0xbf0a5e92)
closest_preceding_finger-r sent (0xab9558d5 53188)

closest_preceding_finger-q received (0xbf0a5e82)
closest_preceding_finger-r sent (0xab9558d5 53188)

closest_preceding_finger-q received (0xbf0a5e62)
closest_preceding_finger-r sent (0xab9558d5 53188)

closest_preceding_finger-q received (0xbf0a5e22)
closest_preceding_finger-r sent (0xab9558d5 53188)

closest_preceding_finger-q received (0xbf0a5da2)
closest_preceding_finger-r sent (0xab9558d5 53188)

closest_preceding_finger-q received (0xbf0a5ca2)
closest_preceding_finger-r sent (0xab9558d5 53188)

closest_preceding_finger-q received (0xbf0a5aa2)
closest_preceding_finger-r sent (0xab9558d5 53188)

closest_preceding_finger-q received (0xbf0a56a2)
closest_preceding_finger-r sent (0xab9558d5 53188)

closest_preceding_finger-q received (0xbf0a4ea2)
closest_preceding_finger-r sent (0xab9558d5 53188)

closest_preceding_finger-q received (0xbf0a3ea2)
closest_preceding_finger-r sent (0xab9558d5 53188)

closest_preceding_finger-q received (0xbf0a1ea2)
closest_preceding_finger-r sent (0xab9558d5 53188)

closest_preceding_finger-q received (0xbf09dea2)
closest_preceding_finger-r sent (0xab9558d5 53188)

closest_preceding_finger-q received (0xbf095ea2)
closest_preceding_finger-r sent (0xab9558d5 53188)

closest_preceding_finger-q received (0xbf085ea2)
closest_preceding_finger-r sent (0xab9558d5 53188)

closest_preceding_finger-q received (0xbf065ea2)
closest_preceding_finger-r sent (0xab9558d5 53188)

closest_preceding_finger-q received (0xbf025ea2)
closest_preceding_finger-r sent (0xab9558d5 53188)

closest_preceding_finger-q received (0xbefa5ea2)
closest_preceding_finger-r sent (0xab9558d5 53188)

closest_preceding_finger-q received (0xbeea5ea2)
closest_preceding_finger-r sent (0xab9558d5 53188)

closest_preceding_finger-q received (0xbeca5ea2)
closest_preceding_finger-r sent (0xab9558d5 53188)

closest_preceding_finger-q received (0xbe8a5ea2)
closest_preceding_finger-r sent (0xab9558d5 53188)

closest_preceding_finger-q received (0xbe0a5ea2)
closest_preceding_finger-r sent (0xab9558d5 53188)

closest_preceding_finger-q received (0xbd0a5ea2)
closest_preceding_finger-r sent (0xab9558d5 53188)

closest_preceding_finger-q received (0xbb0a5ea2)
closest_preceding_finger-r sent (0xab9558d5 53188)

closest_preceding_finger-q received (0xb70a5ea2)
closest_preceding_finger-r sent (0xab9558d5 53188)

closest_preceding_finger-q received (0xaf0a5ea2)
closest_preceding_finger-r sent (0xab9558d5 53188)

closest_preceding_finger-q received (0x9f0a5ea2)
closest_preceding_finger-r sent (0x47efa23d 53185)

closest_preceding_finger-q received (0x7f0a5ea2)
closest_preceding_finger-r sent (0x47efa23d 53185)

closest_preceding_finger-q received (0x3f0a5ea2)
closest_preceding_finger-r sent (0x270056fe 53182)

update-q received (0x270056fe 0xbf0a5ea2 53191 32)
update-r sent (0x270056fe 0x0 0xbf0a5ea2 53191 32)

find_successor-q received (0xda5e7b2d)
successor-q sent (0xab9558d5)
successor-r received (0xab9558d5 0xbf0a5ea2 53191)
find_successor-r sent (0xbf0a5ea2 53191)

find_successor-q received (0xd9aa956f)
successor-q sent (0xab9558d5)
successor-r received (0xab9558d5 0xbf0a5ea2 53191)
find_successor-r sent (0xbf0a5ea2 53191)
stores-q sent (0x47efa23d 0x3f0a5ea2 )
stores-r received (0x47efa23d 0x3f0a5ea2 0x47efa23d 53185 0)
stores-q sent (0x47efa23d 0x3f0a5ea2 )
stores-q sent (0xab9558d5 0x7f0a5ea2 )
stores-r received (0x47efa23d 0x3f0a5ea2 0x47efa23d 53185 0)
store-q sent (0x47efa23d 0x5 0x3f0a5ea2 alpha )
stores-r received (0xab9558d5 0x7f0a5ea2 0xab9558d5 53188 0)
stores-q sent (0xab9558d5 0x7f0a5ea2 )
stores-q sent (0xab9558d5 0xbf0a5ea2 )
store-r received (0x47efa23d 1 5 3f0a5ea2 alpha )
add alpha with hash 0x3f0a5ea2 to node 0x47efa23d
stores-r received (0xab9558d5 0x7f0a5ea2 0xab9558d5 53188 0)
store-q sent (0xab9558d5 0x5 0x7f0a5ea2 alpha )
store-r received (0xab9558d5 1 5 7f0a5ea2 alpha )
add alpha with hash 0x7f0a5ea2 to node 0xab9558d5
stores-r received (0xab9558d5 0xbf0a5ea2 0xbf0a5ea2 53191 0)
stores-q sent (0xbf0a5ea2 0xbf0a5ea2 )
stores-q sent (0xab9558d5 0xff0a5ea2 )
stores-r received (0xbf0a5ea2 0xbf0a5ea2 0xbf0a5ea2 53191 0)
store-q sent (0xbf0a5ea2 0x5 0xbf0a5ea2 alpha )
stores-q received (0x270056fe 0xff0a5ea2 )
stores-r sent (0x270056fe 0xff0a5ea2 0x270056fe 53182 0)
store-r received (0xbf0a5ea2 1 5 bf0a5ea2 alpha )
add alpha with hash 0xbf0a5ea2 to node 0xbf0a5ea2
stores-r received (0xab9558d5 0xff0a5ea2 0x270056fe 53182 0)
add alpha with hash 0xff0a5ea2 to node 0x270056fe
stores-q sent (0x47efa23d 0x3eba5174 )
stores-r received (0x47efa23d 0x3eba5174 0x47efa23d 53185 0)
stores-q sent (0x47efa23d 0x3eba5174 )
stores-q sent (0xab9558d5 0x7eba5174 )
stores-r received (0x47efa23d 0x3eba5174 0x47efa23d 53185 0)
store-q sent (0x47efa23d 0x4 0x3eba5174 beta )
stores-r received (0xab9558d5 0x7eba5174 0xab9558d5 53188 0)
stores-q sent (0xab9558d5 0x7eba5174 )
stores-q sent (0xab9558d5 0xbeba5174 )
store-r received (0x47efa23d 1 4 3eba5174 beta )
add beta with hash 0x3eba5174 to node 0x47efa23d
stores-r received (0xab9558d5 0x7eba5174 0xab9558d5 53188 0)
store-q sent (0xab9558d5 0x4 0x7eba5174 beta )
store-r received (0xab9558d5 1 4 7eba5174 beta )
add beta with hash 0x7eba5174 to node 0xab9558d5
stores-r received (0xab9558d5 0xbeba5174 0xbf0a5ea2 53191 0)
stores-q sent (0xbf0a5ea2 0xbeba5174 )
stores-q sent (0xab9558d5 0xfeba5174 )
stores-r received (0xbf0a5ea2 0xbeba5174 0xbf0a5ea2 53191 0)
store-q sent (0xbf0a5ea2 0x4 0xbeba5174 beta )
stores-q received (0x270056fe 0xfeba5174 )
stores-r sent (0x270056fe 0xfeba5174 0x270056fe 53182 0)
store-r received (0xbf0a5ea2 1 4 beba5174 beta )
add beta with hash 0xbeba5174 to node 0xbf0a5ea2
stores-r received (0xab9558d5 0xfeba5174 0x270056fe 53182 0)
add beta with hash 0xfeba5174 to node 0x270056fe
stores-q sent (0x47efa23d 0x3cee9126 )
stores-r received (0x47efa23d 0x3cee9126 0x47efa23d 53185 0)
stores-q sent (0x47efa23d 0x3cee9126 )
stores-q sent (0xab9558d5 0x7cee9126 )
stores-r received (0x47efa23d 0x3cee9126 0x47efa23d 53185 0)
store-q sent (0x47efa23d 0x5 0x3cee9126 gamma )
stores-r received (0xab9558d5 0x7cee9126 0xab9558d5 53188 0)
stores-q sent (0xab9558d5 0x7cee9126 )
stores-q sent (0xab9558d5 0xbcee9126 )
stores-r received (0xab9558d5 0x7cee9126 0xab9558d5 53188 0)
store-q sent (0xab9558d5 0x5 0x7cee9126 gamma )
store-r received (0x47efa23d 1 5 3cee9126 gamma )
add gamma with hash 0x3cee9126 to node 0x47efa23d
store-r received (0xab9558d5 1 5 7cee9126 gamma )
add gamma with hash 0x7cee9126 to node 0xab9558d5
stores-r received (0xab9558d5 0xbcee9126 0xbf0a5ea2 53191 0)
stores-q sent (0xbf0a5ea2 0xbcee9126 )
stores-q sent (0xab9558d5 0xfcee9126 )
stores-r received (0xbf0a5ea2 0xbcee9126 0xbf0a5ea2 53191 0)
store-q sent (0xbf0a5ea2 0x5 0xbcee9126 gamma )
stores-q received (0x270056fe 0xfcee9126 )
stores-r sent (0x270056fe 0xfcee9126 0x270056fe 53182 0)
store-r received (0xbf0a5ea2 1 5 bcee9126 gamma )
add gamma with hash 0xbcee9126 to node 0xbf0a5ea2
stores-r received (0xab9558d5 0xfcee9126 0x270056fe 53182 0)
add gamma with hash 0xfcee9126 to node 0x270056fe
stores-q sent (0x47efa23d 0x270056fe )
stores-q received (0x270056fe 0x270056fe )
stores-r sent (0x270056fe 0x270056fe 0x270056fe 53182 0)
stores-r received (0x47efa23d 0x270056fe 0x270056fe 53182 0)
add delta with hash 0x270056fe to node 0x270056fe
stores-q sent (0xab9558d5 0x670056fe )
stores-r received (0xab9558d5 0x670056fe 0xab9558d5 53188 0)
stores-q sent (0xab9558d5 0x670056fe )
stores-q sent (0xab9558d5 0xa70056fe )
stores-r received (0xab9558d5 0x670056fe 0xab9558d5 53188 0)
store-q sent (0xab9558d5 0x5 0x670056fe delta )
stores-r received (0xab9558d5 0xa70056fe 0xab9558d5 53188 0)
stores-q sent (0xab9558d5 0xa70056fe )
stores-q sent (0xab9558d5 0xe70056fe )
store-r received (0xab9558d5 1 5 670056fe delta )
add delta with hash 0x670056fe to node 0xab9558d5
stores-r received (0xab9558d5 0xa70056fe 0xab9558d5 53188 0)
store-q sent (0xab9558d5 0x5 0xa70056fe delta )
stores-q received (0x270056fe 0xe70056fe )
stores-r sent (0x270056fe 0xe70056fe 0x270056fe 53182 0)
store-r received (0xab9558d5 1 5 a70056fe delta )
add delta with hash 0xa70056fe to node 0xab9558d5
stores-r received (0xab9558d5 0xe70056fe 0x270056fe 53182 0)
add delta with hash 0xe70056fe to node 0x270056fe
stores-q sent (0xab9558d5 0x214260f5 )
stores-q received (0x270056fe 0x214260f5 )
stores-r sent (0x270056fe 0x214260f5 0x270056fe 53182 0)
stores-r received (0xab9558d5 0x214260f5 0x270056fe 53182 0)
add epsilon with hash 0x214260f5 to node 0x270056fe
stores-q sent (0x47efa23d 0x614260f5 )
stores-r received (0x47efa23d 0x614260f5 0xab9558d5 53188 0)
stores-q sent (0xab9558d5 0x614260f5 )
stores-q sent (0xab9558d5 0xa14260f5 )
stores-r received (0xab9558d5 0x614260f5 0xab9558d5 53188 0)
store-q sent (0xab9558d5 0x7 0x614260f5 epsilon )
stores-r received (0xab9558d5 0xa14260f5 0xab9558d5 53188 0)
stores-q sent (0xab9558d5 0xa14260f5 )
stores-q sent (0xab9558d5 0xe14260f5 )
store-r received (0xab9558d5 1 7 614260f5 epsilon )
add epsilon with hash 0x614260f5 to node 0xab9558d5
stores-r received (0xab9558d5 0xa14260f5 0xab9558d5 53188 0)
store-q sent (0xab9558d5 0x7 0xa14260f5 epsilon )
stores-q received (0x270056fe 0xe14260f5 )
stores-r sent (0x270056fe 0xe14260f5 0x270056fe 53182 0)
store-r received (0xab9558d5 1 7 a14260f5 epsilon )
add epsilon with hash 0xa14260f5 to node 0xab9558d5
stores-r received (0xab9558d5 0xe14260f5 0x270056fe 53182 0)
add epsilon with hash 0xe14260f5 to node 0x270056fe
stores-q sent (0x47efa23d 0x270056fe )
stores-q received (0x270056fe 0x270056fe )
stores-r sent (0x270056fe 0x270056fe 0x270056fe 53182 1)
stores-r received (0x47efa23d 0x270056fe 0x270056fe 53182 0)
search delta to node 0x270056fe key PRESENT 
stores-q sent (0xab9558d5 0x670056fe )
stores-r received (0xab9558d5 0x670056fe 0xab9558d5 53188 1)
stores-q sent (0xab9558d5 0x670056fe )

stores-r received (0xab9558d5 0x670056fe 0xab9558d5 53188 1)
ext-stores-q sent (0xab9558d5 0x670056fe )
ext-stores-r received (0xab9558d5 0x670056fe 0xab9558d5 53188 1 5 delta)
search delta to node 270056fe and ab9558d5 key PRESENT and VERIFIED
search delta to node 0xab9558d5 key PRESENT 
stores-q sent (0x47efa23d 0x3eba5174 )
stores-r received (0x47efa23d 0x3eba5174 0x47efa23d 53185 1)
stores-q sent (0x47efa23d 0x3eba5174 )
stores-q sent (0xab9558d5 0x7eba5174 )
stores-r received (0x47efa23d 0x3eba5174 0x47efa23d 53185 1)
ext-stores-q sent (0x47efa23d 0x3eba5174 )
ext-stores-r received (0x47efa23d 0x3eba5174 0x47efa23d 53185 1 10 nyah, nyah)
search beta to node 0x47efa23d key PRESENT 
stores-r received (0xab9558d5 0x7eba5174 0xab9558d5 53188 1)
stores-q sent (0xab9558d5 0x7eba5174 )

stores-r received (0xab9558d5 0x7eba5174 0xab9558d5 53188 1)
ext-stores-q sent (0xab9558d5 0x7eba5174 )
ext-stores-r received (0xab9558d5 0x7eba5174 0xab9558d5 53188 1 4 beta)
search beta to node 47efa23d and ab9558d5 key PRESENT but DISAGREE
search beta to node 0xab9558d5 key PRESENT 
