client alpha created with hash bf0a5ea2
find_successor-q sent (0xbf0a5ea3)
find_successor-r received (0x270056fe 53182)
successor-q sent (0x270056fe)
successor-r received (0x270056fe 0x47efa23d 53185)
predecessor-q sent (0x270056fe)
predecessor-r received (0x270056fe 0xab9558d5 53188)
update-q sent (0x270056fe 0xbf0a5ea2 53191 0)
update-r received (0x270056fe 1 0xbf0a5ea2 53191 0)
find_successor-q sent (0x3f0a5ea2)
find_successor-r received (0x270056fe 53182)
closest_preceding_finger-q sent (0xbf0a5ea1)
closest_preceding_finger-r received (0xab9558d5 53188)
update-q sent (0xab9558d5 0xbf0a5ea2 53191 1)
successor-q received (0xbf0a5ea2)
successor-r sent (0xbf0a5ea2 0x270056fe 53182)
update-r received (0xab9558d5 0 0xbf0a5ea2 53191 1)
closest_preceding_finger-q sent (0xbf0a5ea0)
closest_preceding_finger-r received (0xab9558d5 53188)
update-q sent (0xab9558d5 0xbf0a5ea2 53191 2)
update-r received (0xab9558d5 0 0xbf0a5ea2 53191 2)
closest_preceding_finger-q sent (0xbf0a5e9e)
closest_preceding_finger-r received (0xab9558d5 53188)
update-q sent (0xab9558d5 0xbf0a5ea2 53191 3)
update-r received (0xab9558d5 0 0xbf0a5ea2 53191 3)
closest_preceding_finger-q sent (0xbf0a5e9a)
closest_preceding_finger-r received (0xab9558d5 53188)
update-q sent (0xab9558d5 0xbf0a5ea2 53191 4)
update-r received (0xab9558d5 0 0xbf0a5ea2 53191 4)
closest_preceding_finger-q sent (0xbf0a5e92)
closest_preceding_finger-r received (0xab9558d5 53188)
update-q sent (0xab9558d5 0xbf0a5ea2 53191 5)
update-r received (0xab9558d5 0 0xbf0a5ea2 53191 5)
closest_preceding_finger-q sent (0xbf0a5e82)
closest_preceding_finger-r received (0xab9558d5 53188)
update-q sent (0xab9558d5 0xbf0a5ea2 53191 6)
update-r received (0xab9558d5 0 0xbf0a5ea2 53191 6)
closest_preceding_finger-q sent (0xbf0a5e62)
closest_preceding_finger-r received (0xab9558d5 53188)
update-q sent (0xab9558d5 0xbf0a5ea2 53191 7)
update-r received (0xab9558d5 0 0xbf0a5ea2 53191 7)
closest_preceding_finger-q sent (0xbf0a5e22)
closest_preceding_finger-r received (0xab9558d5 53188)
update-q sent (0xab9558d5 0xbf0a5ea2 53191 8)
update-r received (0xab9558d5 0 0xbf0a5ea2 53191 8)
closest_preceding_finger-q sent (0xbf0a5da2)
closest_preceding_finger-r received (0xab9558d5 53188)
update-q sent (0xab9558d5 0xbf0a5ea2 53191 9)
update-r received (0xab9558d5 0 0xbf0a5ea2 53191 9)
closest_preceding_finger-q sent (0xbf0a5ca2)
closest_preceding_finger-r received (0xab9558d5 53188)
update-q sent (0xab9558d5 0xbf0a5ea2 53191 10)
update-r received (0xab9558d5 0 0xbf0a5ea2 53191 10)
closest_preceding_finger-q sent (0xbf0a5aa2)
closest_preceding_finger-r received (0xab9558d5 53188)
update-q sent (0xab9558d5 0xbf0a5ea2 53191 11)
update-r received (0xab9558d5 0 0xbf0a5ea2 53191 11)
closest_preceding_finger-q sent (0xbf0a56a2)
closest_preceding_finger-r received (0xab9558d5 53188)
update-q sent (0xab9558d5 0xbf0a5ea2 53191 12)
update-r received (0xab9558d5 0 0xbf0a5ea2 53191 12)
closest_preceding_finger-q sent (0xbf0a4ea2)
closest_preceding_finger-r received (0xab9558d5 53188)
update-q sent (0xab9558d5 0xbf0a5ea2 53191 13)
update-r received (0xab9558d5 0 0xbf0a5ea2 53191 13)
closest_preceding_finger-q sent (0xbf0a3ea2)
closest_preceding_finger-r received (0xab9558d5 53188)
update-q sent (0xab9558d5 0xbf0a5ea2 53191 14)
update-r received (0xab9558d5 0 0xbf0a5ea2 53191 14)
closest_preceding_finger-q sent (0xbf0a1ea2)
closest_preceding_finger-r received (0xab9558d5 53188)
update-q sent (0xab9558d5 0xbf0a5ea2 53191 15)
update-r received (0xab9558d5 0 0xbf0a5ea2 53191 15)
closest_preceding_finger-q sent (0xbf09dea2)
closest_preceding_finger-r received (0xab9558d5 53188)
update-q sent (0xab9558d5 0xbf0a5ea2 53191 16)
update-r received (0xab9558d5 0 0xbf0a5ea2 53191 16)
closest_preceding_finger-q sent (0xbf095ea2)
closest_preceding_finger-r received (0xab9558d5 53188)
update-q sent (0xab9558d5 0xbf0a5ea2 53191 17)
update-r received (0xab9558d5 0 0xbf0a5ea2 53191 17)
closest_preceding_finger-q sent (0xbf085ea2)
closest_preceding_finger-r received (0xab9558d5 53188)
update-q sent (0xab9558d5 0xbf0a5ea2 53191 18)
update-r received (0xab9558d5 0 0xbf0a5ea2 53191 18)
closest_preceding_finger-q sent (0xbf065ea2)
closest_preceding_finger-r received (0xab9558d5 53188)
update-q sent (0xab9558d5 0xbf0a5ea2 53191 19)
update-r received (0xab9558d5 0 0xbf0a5ea2 53191 19)
closest_preceding_finger-q sent (0xbf025ea2)
closest_preceding_finger-r received (0xab9558d5 53188)
update-q sent (0xab9558d5 0xbf0a5ea2 53191 20)
update-r received (0xab9558d5 0 0xbf0a5ea2 53191 20)
closest_preceding_finger-q sent (0xbefa5ea2)
closest_preceding_finger-r received (0xab9558d5 53188)
update-q sent (0xab9558d5 0xbf0a5ea2 53191 21)
update-r received (0xab9558d5 0 0xbf0a5ea2 53191 21)
closest_preceding_finger-q sent (0xbeea5ea2)
closest_preceding_finger-r received (0xab9558d5 53188)
update-q sent (0xab9558d5 0xbf0a5ea2 53191 22)
update-r received (0xab9558d5 0 0xbf0a5ea2 53191 22)
closest_preceding_finger-q sent (0xbeca5ea2)
closest_preceding_finger-r received (0xab9558d5 53188)
update-q sent (0xab9558d5 0xbf0a5ea2 53191 23)
update-r received (0xab9558d5 0 0xbf0a5ea2 53191 23)
closest_preceding_finger-q sent (0xbe8a5ea2)
closest_preceding_finger-r received (0xab9558d5 53188)
update-q sent (0xab9558d5 0xbf0a5ea2 53191 24)
update-r received (0xab9558d5 0 0xbf0a5ea2 53191 24)
closest_preceding_finger-q sent (0xbe0a5ea2)
closest_preceding_finger-r received (0xab9558d5 53188)
update-q sent (0xab9558d5 0xbf0a5ea2 53191 25)
update-r received (0xab9558d5 0 0xbf0a5ea2 53191 25)
closest_preceding_finger-q sent (0xbd0a5ea2)
closest_preceding_finger-r received (0xab9558d5 53188)
update-q sent (0xab9558d5 0xbf0a5ea2 53191 26)
update-r received (0xab9558d5 0 0xbf0a5ea2 53191 26)
closest_preceding_finger-q sent (0xbb0a5ea2)
closest_preceding_finger-r received (0xab9558d5 53188)
update-q sent (0xab9558d5 0xbf0a5ea2 53191 27)
update-r received (0xab9558d5 0 0xbf0a5ea2 53191 27)
closest_preceding_finger-q sent (0xb70a5ea2)
closest_preceding_finger-r received (0xab9558d5 53188)
update-q sent (0xab9558d5 0xbf0a5ea2 53191 28)
update-r received (0xab9558d5 0 0xbf0a5ea2 53191 28)
closest_preceding_finger-q sent (0xaf0a5ea2)
closest_preceding_finger-r received (0xab9558d5 53188)
update-q sent (0xab9558d5 0xbf0a5ea2 53191 29)
update-r received (0xab9558d5 0 0xbf0a5ea2 53191 29)
closest_preceding_finger-q sent (0x9f0a5ea2)
closest_preceding_finger-r received (0x47efa23d 53185)
update-q sent (0x47efa23d 0xbf0a5ea2 53191 30)
update-r received (0x47efa23d 0 0xbf0a5ea2 53191 30)
closest_preceding_finger-q sent (0x7f0a5ea2)
closest_preceding_finger-r received (0x47efa23d 53185)
update-q sent (0x47efa23d 0xbf0a5ea2 53191 31)
update-r received (0x47efa23d 0 0xbf0a5ea2 53191 31)
closest_preceding_finger-q sent (0x3f0a5ea2)
closest_preceding_finger-r received (0x270056fe 53182)
update-q sent (0x270056fe 0xbf0a5ea2 53191 32)
update-r received (0x270056fe 0 0xbf0a5ea2 53191 32)

successor-q received (0xbf0a5ea2)
successor-r sent (0xbf0a5ea2 0x270056fe 53182)

predecessor-q received (0xbf0a5ea2)
predecessor-r sent (0xbf0a5ea2 0xab9558d5 53188)

update-q received (0xbf0a5ea2 0xda5e7b2c 53194 0)
update-r sent (0xbf0a5ea2 0x1 0xda5e7b2c 53194 0)

closest_preceding_finger-q received (0xda5e7b2b)
closest_preceding_finger-r sent (0xbf0a5ea2 53191)

update-q received (0xbf0a5ea2 0xda5e7b2c 53194 1)
successor-q sent (0xda5e7b2c)
successor-r received (0xda5e7b2c 0xbf0a5ea2 53191)
update-double-successor-r received (0xda5e7b2c 0xcfca)
update-r sent (0xbf0a5ea2 0x1 0xda5e7b2c 53194 1)

closest_preceding_finger-q received (0xda5e7b2a)
closest_preceding_finger-r sent (0xbf0a5ea2 53191)

update-q received (0xbf0a5ea2 0xda5e7b2c 53194 2)
update-r sent (0xbf0a5ea2 0x1 0xda5e7b2c 53194 2)

closest_preceding_finger-q received (0xda5e7b28)
closest_preceding_finger-r sent (0xbf0a5ea2 53191)

update-q received (0xbf0a5ea2 0xda5e7b2c 53194 3)
update-r sent (0xbf0a5ea2 0x1 0xda5e7b2c 53194 3)

closest_preceding_finger-q received (0xda5e7b24)
closest_preceding_finger-r sent (0xbf0a5ea2 53191)

update-q received (0xbf0a5ea2 0xda5e7b2c 53194 4)
update-r sent (0xbf0a5ea2 0x1 0xda5e7b2c 53194 4)

closest_preceding_finger-q received (0xda5e7b1c)
closest_preceding_finger-r sent (0xbf0a5ea2 53191)

update-q received (0xbf0a5ea2 0xda5e7b2c 53194 5)
update-r sent (0xbf0a5ea2 0x1 0xda5e7b2c 53194 5)

closest_preceding_finger-q received (0xda5e7b0c)
closest_preceding_finger-r sent (0xbf0a5ea2 53191)

update-q received (0xbf0a5ea2 0xda5e7b2c 53194 6)
update-r sent (0xbf0a5ea2 0x1 0xda5e7b2c 53194 6)

closest_preceding_finger-q received (0xda5e7aec)
closest_preceding_finger-r sent (0xbf0a5ea2 53191)

update-q received (0xbf0a5ea2 0xda5e7b2c 53194 7)
update-r sent (0xbf0a5ea2 0x1 0xda5e7b2c 53194 7)

closest_preceding_finger-q received (0xda5e7aac)
closest_preceding_finger-r sent (0xbf0a5ea2 53191)

update-q received (0xbf0a5ea2 0xda5e7b2c 53194 8)
update-r sent (0xbf0a5ea2 0x1 0xda5e7b2c 53194 8)

closest_preceding_finger-q received (0xda5e7a2c)
closest_preceding_finger-r sent (0xbf0a5ea2 53191)

update-q received (0xbf0a5ea2 0xda5e7b2c 53194 9)
update-r sent (0xbf0a5ea2 0x1 0xda5e7b2c 53194 9)

closest_preceding_finger-q received (0xda5e792c)
closest_preceding_finger-r sent (0xbf0a5ea2 53191)

update-q received (0xbf0a5ea2 0xda5e7b2c 53194 10)
update-r sent (0xbf0a5ea2 0x1 0xda5e7b2c 53194 10)

closest_preceding_finger-q received (0xda5e772c)
closest_preceding_finger-r sent (0xbf0a5ea2 53191)

update-q received (0xbf0a5ea2 0xda5e7b2c 53194 11)
update-r sent (0xbf0a5ea2 0x1 0xda5e7b2c 53194 11)

closest_preceding_finger-q received (0xda5e732c)
closest_preceding_finger-r sent (0xbf0a5ea2 53191)

update-q received (0xbf0a5ea2 0xda5e7b2c 53194 12)
update-r sent (0xbf0a5ea2 0x1 0xda5e7b2c 53194 12)

closest_preceding_finger-q received (0xda5e6b2c)
closest_preceding_finger-r sent (0xbf0a5ea2 53191)

update-q received (0xbf0a5ea2 0xda5e7b2c 53194 13)
update-r sent (0xbf0a5ea2 0x1 0xda5e7b2c 53194 13)

closest_preceding_finger-q received (0xda5e5b2c)
closest_preceding_finger-r sent (0xbf0a5ea2 53191)

update-q received (0xbf0a5ea2 0xda5e7b2c 53194 14)
update-r sent (0xbf0a5ea2 0x1 0xda5e7b2c 53194 14)

closest_preceding_finger-q received (0xda5e3b2c)
closest_preceding_finger-r sent (0xbf0a5ea2 53191)

update-q received (0xbf0a5ea2 0xda5e7b2c 53194 15)
update-r sent (0xbf0a5ea2 0x1 0xda5e7b2c 53194 15)

closest_preceding_finger-q received (0xda5dfb2c)
closest_preceding_finger-r sent (0xbf0a5ea2 53191)

update-q received (0xbf0a5ea2 0xda5e7b2c 53194 16)
update-r sent (0xbf0a5ea2 0x1 0xda5e7b2c 53194 16)

closest_preceding_finger-q received (0xda5d7b2c)
closest_preceding_finger-r sent (0xbf0a5ea2 53191)

update-q received (0xbf0a5ea2 0xda5e7b2c 53194 17)
update-r sent (0xbf0a5ea2 0x1 0xda5e7b2c 53194 17)

closest_preceding_finger-q received (0xda5c7b2c)
closest_preceding_finger-r sent (0xbf0a5ea2 53191)

update-q received (0xbf0a5ea2 0xda5e7b2c 53194 18)
update-r sent (0xbf0a5ea2 0x1 0xda5e7b2c 53194 18)

closest_preceding_finger-q received (0xda5a7b2c)
closest_preceding_finger-r sent (0xbf0a5ea2 53191)

update-q received (0xbf0a5ea2 0xda5e7b2c 53194 19)
update-r sent (0xbf0a5ea2 0x1 0xda5e7b2c 53194 19)

closest_preceding_finger-q received (0xda567b2c)
closest_preceding_finger-r sent (0xbf0a5ea2 53191)

update-q received (0xbf0a5ea2 0xda5e7b2c 53194 20)
update-r sent (0xbf0a5ea2 0x1 0xda5e7b2c 53194 20)

closest_preceding_finger-q received (0xda4e7b2c)
closest_preceding_finger-r sent (0xbf0a5ea2 53191)

update-q received (0xbf0a5ea2 0xda5e7b2c 53194 21)
update-r sent (0xbf0a5ea2 0x1 0xda5e7b2c 53194 21)

closest_preceding_finger-q received (0xda3e7b2c)
closest_preceding_finger-r sent (0xbf0a5ea2 53191)

update-q received (0xbf0a5ea2 0xda5e7b2c 53194 22)
update-r sent (0xbf0a5ea2 0x1 0xda5e7b2c 53194 22)

closest_preceding_finger-q received (0xda1e7b2c)
closest_preceding_finger-r sent (0xbf0a5ea2 53191)

update-q received (0xbf0a5ea2 0xda5e7b2c 53194 23)
update-r sent (0xbf0a5ea2 0x1 0xda5e7b2c 53194 23)

closest_preceding_finger-q received (0xd9de7b2c)
closest_preceding_finger-r sent (0xbf0a5ea2 53191)

update-q received (0xbf0a5ea2 0xda5e7b2c 53194 24)
update-r sent (0xbf0a5ea2 0x1 0xda5e7b2c 53194 24)

closest_preceding_finger-q received (0xd95e7b2c)
closest_preceding_finger-r sent (0xbf0a5ea2 53191)

update-q received (0xbf0a5ea2 0xda5e7b2c 53194 25)
update-r sent (0xbf0a5ea2 0x1 0xda5e7b2c 53194 25)

closest_preceding_finger-q received (0xd85e7b2c)
closest_preceding_finger-r sent (0xbf0a5ea2 53191)

update-q received (0xbf0a5ea2 0xda5e7b2c 53194 26)
update-r sent (0xbf0a5ea2 0x1 0xda5e7b2c 53194 26)

closest_preceding_finger-q received (0xd65e7b2c)
closest_preceding_finger-r sent (0xbf0a5ea2 53191)

update-q received (0xbf0a5ea2 0xda5e7b2c 53194 27)
update-r sent (0xbf0a5ea2 0x1 0xda5e7b2c 53194 27)

closest_preceding_finger-q received (0xd25e7b2c)
closest_preceding_finger-r sent (0xbf0a5ea2 53191)

update-q received (0xbf0a5ea2 0xda5e7b2c 53194 28)
update-r sent (0xbf0a5ea2 0x1 0xda5e7b2c 53194 28)

closest_preceding_finger-q received (0xca5e7b2c)
closest_preceding_finger-r sent (0xbf0a5ea2 53191)

update-q received (0xbf0a5ea2 0xda5e7b2c 53194 29)
update-r sent (0xbf0a5ea2 0x1 0xda5e7b2c 53194 29)

successor-q received (0xbf0a5ea2)
successor-r sent (0xbf0a5ea2 0xda5e7b2c 53194)

predecessor-q received (0xbf0a5ea2)
predecessor-r sent (0xbf0a5ea2 0xda5e7b2c 53194)

update-q received (0xbf0a5ea2 0xd9aa956e 53197 0)
update-r sent (0xbf0a5ea2 0x1 0xd9aa956e 53197 0)

closest_preceding_finger-q received (0xd9aa956d)
closest_preceding_finger-r sent (0xbf0a5ea2 53191)

update-q received (0xbf0a5ea2 0xd9aa956e 53197 1)
successor-q sent (0xd9aa956e)
successor-r received (0xd9aa956e 0xbf0a5ea2 53191)
update-double-successor-r received (0xd9aa956e 0xcfcd)
update-r sent (0xbf0a5ea2 0x1 0xd9aa956e 53197 1)

closest_preceding_finger-q received (0xd9aa956c)
closest_preceding_finger-r sent (0xbf0a5ea2 53191)

update-q received (0xbf0a5ea2 0xd9aa956e 53197 2)
update-r sent (0xbf0a5ea2 0x1 0xd9aa956e 53197 2)

closest_preceding_finger-q received (0xd9aa956a)
closest_preceding_finger-r sent (0xbf0a5ea2 53191)

update-q received (0xbf0a5ea2 0xd9aa956e 53197 3)
update-r sent (0xbf0a5ea2 0x1 0xd9aa956e 53197 3)

closest_preceding_finger-q received (0xd9aa9566)
closest_preceding_finger-r sent (0xbf0a5ea2 53191)

update-q received (0xbf0a5ea2 0xd9aa956e 53197 4)
update-r sent (0xbf0a5ea2 0x1 0xd9aa956e 53197 4)

closest_preceding_finger-q received (0xd9aa955e)
closest_preceding_finger-r sent (0xbf0a5ea2 53191)

update-q received (0xbf0a5ea2 0xd9aa956e 53197 5)
update-r sent (0xbf0a5ea2 0x1 0xd9aa956e 53197 5)

closest_preceding_finger-q received (0xd9aa954e)
closest_preceding_finger-r sent (0xbf0a5ea2 53191)

update-q received (0xbf0a5ea2 0xd9aa956e 53197 6)
update-r sent (0xbf0a5ea2 0x1 0xd9aa956e 53197 6)

closest_preceding_finger-q received (0xd9aa952e)
closest_preceding_finger-r sent (0xbf0a5ea2 53191)

update-q received (0xbf0a5ea2 0xd9aa956e 53197 7)
update-r sent (0xbf0a5ea2 0x1 0xd9aa956e 53197 7)

closest_preceding_finger-q received (0xd9aa94ee)
closest_preceding_finger-r sent (0xbf0a5ea2 53191)

update-q received (0xbf0a5ea2 0xd9aa956e 53197 8)
update-r sent (0xbf0a5ea2 0x1 0xd9aa956e 53197 8)

closest_preceding_finger-q received (0xd9aa946e)
closest_preceding_finger-r sent (0xbf0a5ea2 53191)

update-q received (0xbf0a5ea2 0xd9aa956e 53197 9)
update-r sent (0xbf0a5ea2 0x1 0xd9aa956e 53197 9)

closest_preceding_finger-q received (0xd9aa936e)
closest_preceding_finger-r sent (0xbf0a5ea2 53191)

update-q received (0xbf0a5ea2 0xd9aa956e 53197 10)
update-r sent (0xbf0a5ea2 0x1 0xd9aa956e 53197 10)

closest_preceding_finger-q received (0xd9aa916e)
closest_preceding_finger-r sent (0xbf0a5ea2 53191)

update-q received (0xbf0a5ea2 0xd9aa956e 53197 11)
update-r sent (0xbf0a5ea2 0x1 0xd9aa956e 53197 11)

closest_preceding_finger-q received (0xd9aa8d6e)
closest_preceding_finger-r sent (0xbf0a5ea2 53191)

update-q received (0xbf0a5ea2 0xd9aa956e 53197 12)
update-r sent (0xbf0a5ea2 0x1 0xd9aa956e 53197 12)

closest_preceding_finger-q received (0xd9aa856e)
closest_preceding_finger-r sent (0xbf0a5ea2 53191)

update-q received (0xbf0a5ea2 0xd9aa956e 53197 13)
update-r sent (0xbf0a5ea2 0x1 0xd9aa956e 53197 13)

closest_preceding_finger-q received (0xd9aa756e)
closest_preceding_finger-r sent (0xbf0a5ea2 53191)

update-q received (0xbf0a5ea2 0xd9aa956e 53197 14)
update-r sent (0xbf0a5ea2 0x1 0xd9aa956e 53197 14)

closest_preceding_finger-q received (0xd9aa556e)
closest_preceding_finger-r sent (0xbf0a5ea2 53191)

update-q received (0xbf0a5ea2 0xd9aa956e 53197 15)
update-r sent (0xbf0a5ea2 0x1 0xd9aa956e 53197 15)

closest_preceding_finger-q received (0xd9aa156e)
closest_preceding_finger-r sent (0xbf0a5ea2 53191)

update-q received (0xbf0a5ea2 0xd9aa956e 53197 16)
update-r sent (0xbf0a5ea2 0x1 0xd9aa956e 53197 16)

closest_preceding_finger-q received (0xd9a9956e)
closest_preceding_finger-r sent (0xbf0a5ea2 53191)

update-q received (0xbf0a5ea2 0xd9aa956e 53197 17)
update-r sent (0xbf0a5ea2 0x1 0xd9aa956e 53197 17)

closest_preceding_finger-q received (0xd9a8956e)
closest_preceding_finger-r sent (0xbf0a5ea2 53191)

update-q received (0xbf0a5ea2 0xd9aa956e 53197 18)
update-r sent (0xbf0a5ea2 0x1 0xd9aa956e 53197 18)

closest_preceding_finger-q received (0xd9a6956e)
closest_preceding_finger-r sent (0xbf0a5ea2 53191)

update-q received (0xbf0a5ea2 0xd9aa956e 53197 19)
update-r sent (0xbf0a5ea2 0x1 0xd9aa956e 53197 19)

closest_preceding_finger-q received (0xd9a2956e)
closest_preceding_finger-r sent (0xbf0a5ea2 53191)

update-q received (0xbf0a5ea2 0xd9aa956e 53197 20)
update-r sent (0xbf0a5ea2 0x1 0xd9aa956e 53197 20)

closest_preceding_finger-q received (0xd99a956e)
closest_preceding_finger-r sent (0xbf0a5ea2 53191)

update-q received (0xbf0a5ea2 0xd9aa956e 53197 21)
update-r sent (0xbf0a5ea2 0x1 0xd9aa956e 53197 21)

closest_preceding_finger-q received (0xd98a956e)
closest_preceding_finger-r sent (0xbf0a5ea2 53191)

update-q received (0xbf0a5ea2 0xd9aa956e 53197 22)
update-r sent (0xbf0a5ea2 0x1 0xd9aa956e 53197 22)

closest_preceding_finger-q received (0xd96a956e)
closest_preceding_finger-r sent (0xbf0a5ea2 53191)

update-q received (0xbf0a5ea2 0xd9aa956e 53197 23)
update-r sent (0xbf0a5ea2 0x1 0xd9aa956e 53197 23)

closest_preceding_finger-q received (0xd92a956e)
closest_preceding_finger-r sent (0xbf0a5ea2 53191)

update-q received (0xbf0a5ea2 0xd9aa956e 53197 24)
update-r sent (0xbf0a5ea2 0x1 0xd9aa956e 53197 24)

closest_preceding_finger-q received (0xd8aa956e)
closest_preceding_finger-r sent (0xbf0a5ea2 53191)

update-q received (0xbf0a5ea2 0xd9aa956e 53197 25)
update-r sent (0xbf0a5ea2 0x1 0xd9aa956e 53197 25)

closest_preceding_finger-q received (0xd7aa956e)
closest_preceding_finger-r sent (0xbf0a5ea2 53191)

update-q received (0xbf0a5ea2 0xd9aa956e 53197 26)
update-r sent (0xbf0a5ea2 0x1 0xd9aa956e 53197 26)

closest_preceding_finger-q received (0xd5aa956e)
closest_preceding_finger-r sent (0xbf0a5ea2 53191)

update-q received (0xbf0a5ea2 0xd9aa956e 53197 27)
update-r sent (0xbf0a5ea2 0x1 0xd9aa956e 53197 27)

closest_preceding_finger-q received (0xd1aa956e)
closest_preceding_finger-r sent (0xbf0a5ea2 53191)

update-q received (0xbf0a5ea2 0xd9aa956e 53197 28)
update-r sent (0xbf0a5ea2 0x1 0xd9aa956e 53197 28)

closest_preceding_finger-q received (0xc9aa956e)
closest_preceding_finger-r sent (0xbf0a5ea2 53191)

update-q received (0xbf0a5ea2 0xd9aa956e 53197 29)
update-r sent (0xbf0a5ea2 0x1 0xd9aa956e 53197 29)

stores-q received (0xbf0a5ea2 0xbf0a5ea2 )
stores-r sent (0xbf0a5ea2 0xbf0a5ea2 0xbf0a5ea2 53191 0)

stores-q received (0xbf0a5ea2 0xbf0a5ea2 )
stores-r sent (0xbf0a5ea2 0xbf0a5ea2 0xbf0a5ea2 53191 0)

store-q received (0xbf0a5ea2 5 bf0a5ea2 alpha )
stored alpha : alpha with hash bf0a5ea2
store-r sent (0xbf0a5ea2 0x1 0x5 0xbf0a5ea2 alpha )

stores-q received (0xbf0a5ea2 0xbeba5174 )
stores-r sent (0xbf0a5ea2 0xbeba5174 0xbf0a5ea2 53191 0)

stores-q received (0xbf0a5ea2 0xbeba5174 )
stores-r sent (0xbf0a5ea2 0xbeba5174 0xbf0a5ea2 53191 0)

store-q received (0xbf0a5ea2 4 beba5174 beta )
stored beta : beta with hash beba5174
store-r sent (0xbf0a5ea2 0x1 0x4 0xbeba5174 beta )

stores-q received (0xbf0a5ea2 0xbcee9126 )
stores-r sent (0xbf0a5ea2 0xbcee9126 0xbf0a5ea2 53191 0)

stores-q received (0xbf0a5ea2 0xbcee9126 )
stores-r sent (0xbf0a5ea2 0xbcee9126 0xbf0a5ea2 53191 0)

store-q received (0xbf0a5ea2 5 bcee9126 gamma )
stored gamma : gamma with hash bcee9126
store-r sent (0xbf0a5ea2 0x1 0x5 0xbcee9126 gamma )
