client bravo created with hash 47efa23d
find_successor-q sent (0x47efa23e)
find_successor-r received (0x270056fe 53182)
successor-q sent (0x270056fe)
successor-r received (0x270056fe 0x270056fe 53182)
predecessor-q sent (0x270056fe)
predecessor-r received (0x270056fe 0x270056fe 53182)
update-q sent (0x270056fe 0x47efa23d 53185 0)
update-r received (0x270056fe 1 0x47efa23d 53185 0)
closest_preceding_finger-q sent (0x47efa23c)
closest_preceding_finger-r received (0x270056fe 53182)
update-q sent (0x270056fe 0x47efa23d 53185 1)
successor-q received (0x47efa23d)
successor-r sent (0x47efa23d 0x270056fe 53182)
update-double-successor-q received (0x47efa23d 0xcfc1)
update-double-successor-r sent (0x47efa23d 0xcfc1)
update-r received (0x270056fe 1 0x47efa23d 53185 1)
closest_preceding_finger-q sent (0x47efa23b)
closest_preceding_finger-r received (0x270056fe 53182)
update-q sent (0x270056fe 0x47efa23d 53185 2)
update-r received (0x270056fe 1 0x47efa23d 53185 2)
closest_preceding_finger-q sent (0x47efa239)
closest_preceding_finger-r received (0x270056fe 53182)
update-q sent (0x270056fe 0x47efa23d 53185 3)
update-r received (0x270056fe 1 0x47efa23d 53185 3)
closest_preceding_finger-q sent (0x47efa235)
closest_preceding_finger-r received (0x270056fe 53182)
update-q sent (0x270056fe 0x47efa23d 53185 4)
update-r received (0x270056fe 1 0x47efa23d 53185 4)
closest_preceding_finger-q sent (0x47efa22d)
closest_preceding_finger-r received (0x270056fe 53182)
update-q sent (0x270056fe 0x47efa23d 53185 5)
update-r received (0x270056fe 1 0x47efa23d 53185 5)
closest_preceding_finger-q sent (0x47efa21d)
closest_preceding_finger-r received (0x270056fe 53182)
update-q sent (0x270056fe 0x47efa23d 53185 6)
update-r received (0x270056fe 1 0x47efa23d 53185 6)
closest_preceding_finger-q sent (0x47efa1fd)
closest_preceding_finger-r received (0x270056fe 53182)
update-q sent (0x270056fe 0x47efa23d 53185 7)
update-r received (0x270056fe 1 0x47efa23d 53185 7)
closest_preceding_finger-q sent (0x47efa1bd)
closest_preceding_finger-r received (0x270056fe 53182)
update-q sent (0x270056fe 0x47efa23d 53185 8)
update-r received (0x270056fe 1 0x47efa23d 53185 8)
closest_preceding_finger-q sent (0x47efa13d)
closest_preceding_finger-r received (0x270056fe 53182)
update-q sent (0x270056fe 0x47efa23d 53185 9)
update-r received (0x270056fe 1 0x47efa23d 53185 9)
closest_preceding_finger-q sent (0x47efa03d)
closest_preceding_finger-r received (0x270056fe 53182)
update-q sent (0x270056fe 0x47efa23d 53185 10)
update-r received (0x270056fe 1 0x47efa23d 53185 10)
closest_preceding_finger-q sent (0x47ef9e3d)
closest_preceding_finger-r received (0x270056fe 53182)
update-q sent (0x270056fe 0x47efa23d 53185 11)
update-r received (0x270056fe 1 0x47efa23d 53185 11)
closest_preceding_finger-q sent (0x47ef9a3d)
closest_preceding_finger-r received (0x270056fe 53182)
update-q sent (0x270056fe 0x47efa23d 53185 12)
update-r received (0x270056fe 1 0x47efa23d 53185 12)
closest_preceding_finger-q sent (0x47ef923d)
closest_preceding_finger-r received (0x270056fe 53182)
update-q sent (0x270056fe 0x47efa23d 53185 13)
update-r received (0x270056fe 1 0x47efa23d 53185 13)
closest_preceding_finger-q sent (0x47ef823d)
closest_preceding_finger-r received (0x270056fe 53182)
update-q sent (0x270056fe 0x47efa23d 53185 14)
update-r received (0x270056fe 1 0x47efa23d 53185 14)
closest_preceding_finger-q sent (0x47ef623d)
closest_preceding_finger-r received (0x270056fe 53182)
update-q sent (0x270056fe 0x47efa23d 53185 15)
update-r received (0x270056fe 1 0x47efa23d 53185 15)
closest_preceding_finger-q sent (0x47ef223d)
closest_preceding_finger-r received (0x270056fe 53182)
update-q sent (0x270056fe 0x47efa23d 53185 16)
update-r received (0x270056fe 1 0x47efa23d 53185 16)
closest_preceding_finger-q sent (0x47eea23d)
closest_preceding_finger-r received (0x270056fe 53182)
update-q sent (0x270056fe 0x47efa23d 53185 17)
update-r received (0x270056fe 1 0x47efa23d 53185 17)
closest_preceding_finger-q sent (0x47eda23d)
closest_preceding_finger-r received (0x270056fe 53182)
update-q sent (0x270056fe 0x47efa23d 53185 18)
update-r received (0x270056fe 1 0x47efa23d 53185 18)
closest_preceding_finger-q sent (0x47eba23d)
closest_preceding_finger-r received (0x270056fe 53182)
update-q sent (0x270056fe 0x47efa23d 53185 19)
update-r received (0x270056fe 1 0x47efa23d 53185 19)
closest_preceding_finger-q sent (0x47e7a23d)
closest_preceding_finger-r received (0x270056fe 53182)
update-q sent (0x270056fe 0x47efa23d 53185 20)
update-r received (0x270056fe 1 0x47efa23d 53185 20)
closest_preceding_finger-q sent (0x47dfa23d)
closest_preceding_finger-r received (0x270056fe 53182)
update-q sent (0x270056fe 0x47efa23d 53185 21)
update-r received (0x270056fe 1 0x47efa23d 53185 21)
closest_preceding_finger-q sent (0x47cfa23d)
closest_preceding_finger-r received (0x270056fe 53182)
update-q sent (0x270056fe 0x47efa23d 53185 22)
update-r received (0x270056fe 1 0x47efa23d 53185 22)
closest_preceding_finger-q sent (0x47afa23d)
closest_preceding_finger-r received (0x270056fe 53182)
update-q sent (0x270056fe 0x47efa23d 53185 23)
update-r received (0x270056fe 1 0x47efa23d 53185 23)
closest_preceding_finger-q sent (0x476fa23d)
closest_preceding_finger-r received (0x270056fe 53182)
update-q sent (0x270056fe 0x47efa23d 53185 24)
update-r received (0x270056fe 1 0x47efa23d 53185 24)
closest_preceding_finger-q sent (0x46efa23d)
closest_preceding_finger-r received (0x270056fe 53182)
update-q sent (0x270056fe 0x47efa23d 53185 25)
update-r received (0x270056fe 1 0x47efa23d 53185 25)
closest_preceding_finger-q sent (0x45efa23d)
closest_preceding_finger-r received (0x270056fe 53182)
update-q sent (0x270056fe 0x47efa23d 53185 26)
update-r received (0x270056fe 1 0x47efa23d 53185 26)
closest_preceding_finger-q sent (0x43efa23d)
closest_preceding_finger-r received (0x270056fe 53182)
update-q sent (0x270056fe 0x47efa23d 53185 27)
update-r received (0x270056fe 1 0x47efa23d 53185 27)
closest_preceding_finger-q sent (0x3fefa23d)
closest_preceding_finger-r received (0x270056fe 53182)
update-q sent (0x270056fe 0x47efa23d 53185 28)
update-r received (0x270056fe 1 0x47efa23d 53185 28)
closest_preceding_finger-q sent (0x37efa23d)
closest_preceding_finger-r received (0x270056fe 53182)
update-q sent (0x270056fe 0x47efa23d 53185 29)
update-r received (0x270056fe 1 0x47efa23d 53185 29)
closest_preceding_finger-q sent (0x27efa23d)
closest_preceding_finger-r received (0x270056fe 53182)
update-q sent (0x270056fe 0x47efa23d 53185 30)
update-r received (0x270056fe 1 0x47efa23d 53185 30)

closest_preceding_finger-q received (0xab9558d6)
closest_preceding_finger-r sent (0x47efa23d 53185)

successor-q received (0x47efa23d)
successor-r sent (0x47efa23d 0x270056fe 53182)

update-q received (0x47efa23d 0xab9558d5 53188 1)
successor-q sent (0xab9558d5)
successor-r received (0xab9558d5 0x270056fe 53182)
update-double-successor-r received (0xab9558d5 0xcfc4)
update-q sent (0x270056fe 0xab9558d5 53188 1)
update-r received (0x270056fe 0 0xab9558d5 53188 1)
update-r sent (0x47efa23d 0x0 0xab9558d5 53188 1)

update-q received (0x47efa23d 0xab9558d5 53188 2)
update-q sent (0x270056fe 0xab9558d5 53188 2)
update-r received (0x270056fe 0 0xab9558d5 53188 2)
update-r sent (0x47efa23d 0x0 0xab9558d5 53188 2)

update-q received (0x47efa23d 0xab9558d5 53188 3)
update-q sent (0x270056fe 0xab9558d5 53188 3)
update-r received (0x270056fe 0 0xab9558d5 53188 3)
update-r sent (0x47efa23d 0x0 0xab9558d5 53188 3)

update-q received (0x47efa23d 0xab9558d5 53188 4)
update-q sent (0x270056fe 0xab9558d5 53188 4)
update-r received (0x270056fe 0 0xab9558d5 53188 4)
update-r sent (0x47efa23d 0x0 0xab9558d5 53188 4)

update-q received (0x47efa23d 0xab9558d5 53188 5)
update-q sent (0x270056fe 0xab9558d5 53188 5)
update-r received (0x270056fe 0 0xab9558d5 53188 5)
update-r sent (0x47efa23d 0x0 0xab9558d5 53188 5)

update-q received (0x47efa23d 0xab9558d5 53188 6)
update-q sent (0x270056fe 0xab9558d5 53188 6)
update-r received (0x270056fe 0 0xab9558d5 53188 6)
update-r sent (0x47efa23d 0x0 0xab9558d5 53188 6)

update-q received (0x47efa23d 0xab9558d5 53188 7)
update-q sent (0x270056fe 0xab9558d5 53188 7)
update-r received (0x270056fe 0 0xab9558d5 53188 7)
update-r sent (0x47efa23d 0x0 0xab9558d5 53188 7)

update-q received (0x47efa23d 0xab9558d5 53188 8)
update-q sent (0x270056fe 0xab9558d5 53188 8)
update-r received (0x270056fe 0 0xab9558d5 53188 8)
update-r sent (0x47efa23d 0x0 0xab9558d5 53188 8)

update-q received (0x47efa23d 0xab9558d5 53188 9)
update-q sent (0x270056fe 0xab9558d5 53188 9)
update-r received (0x270056fe 0 0xab9558d5 53188 9)
update-r sent (0x47efa23d 0x0 0xab9558d5 53188 9)

update-q received (0x47efa23d 0xab9558d5 53188 10)
update-q sent (0x270056fe 0xab9558d5 53188 10)
update-r received (0x270056fe 0 0xab9558d5 53188 10)
update-r sent (0x47efa23d 0x0 0xab9558d5 53188 10)

update-q received (0x47efa23d 0xab9558d5 53188 11)
update-q sent (0x270056fe 0xab9558d5 53188 11)
update-r received (0x270056fe 0 0xab9558d5 53188 11)
update-r sent (0x47efa23d 0x0 0xab9558d5 53188 11)

update-q received (0x47efa23d 0xab9558d5 53188 12)
update-q sent (0x270056fe 0xab9558d5 53188 12)
update-r received (0x270056fe 0 0xab9558d5 53188 12)
update-r sent (0x47efa23d 0x0 0xab9558d5 53188 12)

update-q received (0x47efa23d 0xab9558d5 53188 13)
update-q sent (0x270056fe 0xab9558d5 53188 13)
update-r received (0x270056fe 0 0xab9558d5 53188 13)
update-r sent (0x47efa23d 0x0 0xab9558d5 53188 13)

update-q received (0x47efa23d 0xab9558d5 53188 14)
update-q sent (0x270056fe 0xab9558d5 53188 14)
update-r received (0x270056fe 0 0xab9558d5 53188 14)
update-r sent (0x47efa23d 0x0 0xab9558d5 53188 14)

update-q received (0x47efa23d 0xab9558d5 53188 15)
update-q sent (0x270056fe 0xab9558d5 53188 15)
update-r received (0x270056fe 0 0xab9558d5 53188 15)
update-r sent (0x47efa23d 0x0 0xab9558d5 53188 15)

update-q received (0x47efa23d 0xab9558d5 53188 16)
update-q sent (0x270056fe 0xab9558d5 53188 16)
update-r received (0x270056fe 0 0xab9558d5 53188 16)
update-r sent (0x47efa23d 0x0 0xab9558d5 53188 16)

update-q received (0x47efa23d 0xab9558d5 53188 17)
update-q sent (0x270056fe 0xab9558d5 53188 17)
update-r received (0x270056fe 0 0xab9558d5 53188 17)
update-r sent (0x47efa23d 0x0 0xab9558d5 53188 17)

update-q received (0x47efa23d 0xab9558d5 53188 18)
update-q sent (0x270056fe 0xab9558d5 53188 18)
update-r received (0x270056fe 0 0xab9558d5 53188 18)
update-r sent (0x47efa23d 0x0 0xab9558d5 53188 18)

update-q received (0x47efa23d 0xab9558d5 53188 19)
update-q sent (0x270056fe 0xab9558d5 53188 19)
update-r received (0x270056fe 0 0xab9558d5 53188 19)
update-r sent (0x47efa23d 0x0 0xab9558d5 53188 19)

update-q received (0x47efa23d 0xab9558d5 53188 20)
update-q sent (0x270056fe 0xab9558d5 53188 20)
update-r received (0x270056fe 0 0xab9558d5 53188 20)
update-r sent (0x47efa23d 0x0 0xab9558d5 53188 20)

update-q received (0x47efa23d 0xab9558d5 53188 21)
update-q sent (0x270056fe 0xab9558d5 53188 21)
update-r received (0x270056fe 0 0xab9558d5 53188 21)
update-r sent (0x47efa23d 0x0 0xab9558d5 53188 21)

update-q received (0x47efa23d 0xab9558d5 53188 22)
update-q sent (0x270056fe 0xab9558d5 53188 22)
update-r received (0x270056fe 0 0xab9558d5 53188 22)
update-r sent (0x47efa23d 0x0 0xab9558d5 53188 22)

update-q received (0x47efa23d 0xab9558d5 53188 23)
update-q sent (0x270056fe 0xab9558d5 53188 23)
update-r received (0x270056fe 0 0xab9558d5 53188 23)
update-r sent (0x47efa23d 0x0 0xab9558d5 53188 23)

update-q received (0x47efa23d 0xab9558d5 53188 24)
update-q sent (0x270056fe 0xab9558d5 53188 24)
update-r received (0x270056fe 0 0xab9558d5 53188 24)
update-r sent (0x47efa23d 0x0 0xab9558d5 53188 24)

update-q received (0x47efa23d 0xab9558d5 53188 25)
update-q sent (0x270056fe 0xab9558d5 53188 25)
update-r received (0x270056fe 0 0xab9558d5 53188 25)
update-r sent (0x47efa23d 0x0 0xab9558d5 53188 25)

update-q received (0x47efa23d 0xab9558d5 53188 26)
update-q sent (0x270056fe 0xab9558d5 53188 26)
update-r received (0x270056fe 0 0xab9558d5 53188 26)
update-r sent (0x47efa23d 0x0 0xab9558d5 53188 26)

update-q received (0x47efa23d 0xab9558d5 53188 27)
update-q sent (0x270056fe 0xab9558d5 53188 27)
update-r received (0x270056fe 0 0xab9558d5 53188 27)
update-r sent (0x47efa23d 0x0 0xab9558d5 53188 27)

update-q received (0x47efa23d 0xab9558d5 53188 28)
update-q sent (0x270056fe 0xab9558d5 53188 28)
update-r received (0x270056fe 0 0xab9558d5 53188 28)
update-r sent (0x47efa23d 0x0 0xab9558d5 53188 28)

update-q received (0x47efa23d 0xab9558d5 53188 29)
update-q sent (0x270056fe 0xab9558d5 53188 29)
update-r received (0x270056fe 0 0xab9558d5 53188 29)
update-r sent (0x47efa23d 0x0 0xab9558d5 53188 29)

update-q received (0x47efa23d 0xab9558d5 53188 30)
update-q sent (0x270056fe 0xab9558d5 53188 30)
update-r received (0x270056fe 0 0xab9558d5 53188 30)
update-r sent (0x47efa23d 0x0 0xab9558d5 53188 30)

update-q received (0x47efa23d 0xab9558d5 53188 31)
update-q sent (0x270056fe 0xab9558d5 53188 31)
update-r received (0x270056fe 1 0xab9558d5 53188 31)
update-r sent (0x47efa23d 0x0 0xab9558d5 53188 31)

update-double-successor-q received (0xbf0a5ea2 0xcfc7)
update-double-successor-r sent (0xbf0a5ea2 0xcfc7)

update-q received (0x47efa23d 0xbf0a5ea2 53191 1)
update-r sent (0x47efa23d 0x0 0xbf0a5ea2 53191 1)

update-q received (0x47efa23d 0xbf0a5ea2 53191 2)
update-r sent (0x47efa23d 0x0 0xbf0a5ea2 53191 2)

update-q received (0x47efa23d 0xbf0a5ea2 53191 3)
update-r sent (0x47efa23d 0x0 0xbf0a5ea2 53191 3)

update-q received (0x47efa23d 0xbf0a5ea2 53191 4)
update-r sent (0x47efa23d 0x0 0xbf0a5ea2 53191 4)

update-q received (0x47efa23d 0xbf0a5ea2 53191 5)
update-r sent (0x47efa23d 0x0 0xbf0a5ea2 53191 5)

update-q received (0x47efa23d 0xbf0a5ea2 53191 6)
update-r sent (0x47efa23d 0x0 0xbf0a5ea2 53191 6)

update-q received (0x47efa23d 0xbf0a5ea2 53191 7)
update-r sent (0x47efa23d 0x0 0xbf0a5ea2 53191 7)

update-q received (0x47efa23d 0xbf0a5ea2 53191 8)
update-r sent (0x47efa23d 0x0 0xbf0a5ea2 53191 8)

update-q received (0x47efa23d 0xbf0a5ea2 53191 9)
update-r sent (0x47efa23d 0x0 0xbf0a5ea2 53191 9)

update-q received (0x47efa23d 0xbf0a5ea2 53191 10)
update-r sent (0x47efa23d 0x0 0xbf0a5ea2 53191 10)

update-q received (0x47efa23d 0xbf0a5ea2 53191 11)
update-r sent (0x47efa23d 0x0 0xbf0a5ea2 53191 11)

update-q received (0x47efa23d 0xbf0a5ea2 53191 12)
update-r sent (0x47efa23d 0x0 0xbf0a5ea2 53191 12)

update-q received (0x47efa23d 0xbf0a5ea2 53191 13)
update-r sent (0x47efa23d 0x0 0xbf0a5ea2 53191 13)

update-q received (0x47efa23d 0xbf0a5ea2 53191 14)
update-r sent (0x47efa23d 0x0 0xbf0a5ea2 53191 14)

update-q received (0x47efa23d 0xbf0a5ea2 53191 15)
update-r sent (0x47efa23d 0x0 0xbf0a5ea2 53191 15)

update-q received (0x47efa23d 0xbf0a5ea2 53191 16)
update-r sent (0x47efa23d 0x0 0xbf0a5ea2 53191 16)

update-q received (0x47efa23d 0xbf0a5ea2 53191 17)
update-r sent (0x47efa23d 0x0 0xbf0a5ea2 53191 17)

update-q received (0x47efa23d 0xbf0a5ea2 53191 18)
update-r sent (0x47efa23d 0x0 0xbf0a5ea2 53191 18)

update-q received (0x47efa23d 0xbf0a5ea2 53191 19)
update-r sent (0x47efa23d 0x0 0xbf0a5ea2 53191 19)

update-q received (0x47efa23d 0xbf0a5ea2 53191 20)
update-r sent (0x47efa23d 0x0 0xbf0a5ea2 53191 20)

update-q received (0x47efa23d 0xbf0a5ea2 53191 21)
update-r sent (0x47efa23d 0x0 0xbf0a5ea2 53191 21)

update-q received (0x47efa23d 0xbf0a5ea2 53191 22)
update-r sent (0x47efa23d 0x0 0xbf0a5ea2 53191 22)

update-q received (0x47efa23d 0xbf0a5ea2 53191 23)
update-r sent (0x47efa23d 0x0 0xbf0a5ea2 53191 23)

update-q received (0x47efa23d 0xbf0a5ea2 53191 24)
update-r sent (0x47efa23d 0x0 0xbf0a5ea2 53191 24)

update-q received (0x47efa23d 0xbf0a5ea2 53191 25)
update-r sent (0x47efa23d 0x0 0xbf0a5ea2 53191 25)

update-q received (0x47efa23d 0xbf0a5ea2 53191 26)
update-r sent (0x47efa23d 0x0 0xbf0a5ea2 53191 26)

update-q received (0x47efa23d 0xbf0a5ea2 53191 27)
update-r sent (0x47efa23d 0x0 0xbf0a5ea2 53191 27)

update-q received (0x47efa23d 0xbf0a5ea2 53191 28)
update-r sent (0x47efa23d 0x0 0xbf0a5ea2 53191 28)

update-q received (0x47efa23d 0xbf0a5ea2 53191 29)
update-r sent (0x47efa23d 0x0 0xbf0a5ea2 53191 29)

update-q received (0x47efa23d 0xbf0a5ea2 53191 30)
update-r sent (0x47efa23d 0x0 0xbf0a5ea2 53191 30)

update-q received (0x47efa23d 0xbf0a5ea2 53191 31)
update-r sent (0x47efa23d 0x0 0xbf0a5ea2 53191 31)

stores-q received (0x47efa23d 0x3f0a5ea2 )
stores-r sent (0x47efa23d 0x3f0a5ea2 0x47efa23d 53185 0)

stores-q received (0x47efa23d 0x3f0a5ea2 )
stores-r sent (0x47efa23d 0x3f0a5ea2 0x47efa23d 53185 0)

store-q received (0x47efa23d 5 3f0a5ea2 alpha )
store-r sent (0x47efa23d 0x1 0x5 0x3f0a5ea2 alpha )

stores-q received (0x47efa23d 0x3eba5174 )
stores-r sent (0x47efa23d 0x3eba5174 0x47efa23d 53185 0)

stores-q received (0x47efa23d 0x3eba5174 )
stores-r sent (0x47efa23d 0x3eba5174 0x47efa23d 53185 0)

store-q received (0x47efa23d 4 3eba5174 beta )
store-r sent (0x47efa23d 0x1 0x4 0x3eba5174 beta )

stores-q received (0x47efa23d 0x3cee9126 )
stores-r sent (0x47efa23d 0x3cee9126 0x47efa23d 53185 0)

stores-q received (0x47efa23d 0x3cee9126 )
stores-r sent (0x47efa23d 0x3cee9126 0x47efa23d 53185 0)

store-q received (0x47efa23d 5 3cee9126 gamma )
store-r sent (0x47efa23d 0x1 0x5 0x3cee9126 gamma )

stores-q received (0x47efa23d 0x270056fe )
stores-q sent (0x270056fe 0x270056fe )
stores-r received (0x270056fe 0x270056fe 0x270056fe 53182 0)
stores-r sent (0x47efa23d 0x270056fe 0x270056fe 53182 0)

stores-q received (0x47efa23d 0x614260f5 )
stores-q sent (0xab9558d5 0x614260f5 )
stores-r received (0xab9558d5 0x614260f5 0xab9558d5 53188 0)
stores-r sent (0x47efa23d 0x614260f5 0xab9558d5 53188 0)

stores-q received (0x47efa23d 0x270056fe )
stores-q sent (0x270056fe 0x270056fe )
stores-r received (0x270056fe 0x270056fe 0x270056fe 53182 1)
stores-r sent (0x47efa23d 0x270056fe 0x270056fe 53182 0)

stores-q received (0x47efa23d 0x3eba5174 )
stores-r sent (0x47efa23d 0x3eba5174 0x47efa23d 53185 1)

stores-q received (0x47efa23d 0x3eba5174 )
stores-r sent (0x47efa23d 0x3eba5174 0x47efa23d 53185 1)

ext-stores-q received (0x47efa23d 0x3eba5174 )
ext-stores-r sent (0x47efa23d 0x3eba5174 0x47efa23d 53185 1 10 nyah, nyah)
