client charlie created with hash ab9558d5
find_successor-q sent (0xab9558d6)
find_successor-r received (0x270056fe 53182)
successor-q sent (0x270056fe)
successor-r received (0x270056fe 0x47efa23d 53185)
predecessor-q sent (0x270056fe)
predecessor-r received (0x270056fe 0x47efa23d 53185)
update-q sent (0x270056fe 0xab9558d5 53188 0)
update-r received (0x270056fe 1 0xab9558d5 53188 0)
find_successor-q sent (0x2b9558d5)
find_successor-r received (0x270056fe 53182)
closest_preceding_finger-q sent (0xab9558d4)
closest_preceding_finger-r received (0x47efa23d 53185)
update-q sent (0x47efa23d 0xab9558d5 53188 1)
successor-q received (0xab9558d5)
successor-r sent (0xab9558d5 0x270056fe 53182)
update-r received (0x47efa23d 0 0xab9558d5 53188 1)
closest_preceding_finger-q sent (0xab9558d3)
closest_preceding_finger-r received (0x47efa23d 53185)
update-q sent (0x47efa23d 0xab9558d5 53188 2)
update-r received (0x47efa23d 0 0xab9558d5 53188 2)
closest_preceding_finger-q sent (0xab9558d1)
closest_preceding_finger-r received (0x47efa23d 53185)
update-q sent (0x47efa23d 0xab9558d5 53188 3)
update-r received (0x47efa23d 0 0xab9558d5 53188 3)
closest_preceding_finger-q sent (0xab9558cd)
closest_preceding_finger-r received (0x47efa23d 53185)
update-q sent (0x47efa23d 0xab9558d5 53188 4)
update-r received (0x47efa23d 0 0xab9558d5 53188 4)
closest_preceding_finger-q sent (0xab9558c5)
closest_preceding_finger-r received (0x47efa23d 53185)
update-q sent (0x47efa23d 0xab9558d5 53188 5)
update-r received (0x47efa23d 0 0xab9558d5 53188 5)
closest_preceding_finger-q sent (0xab9558b5)
closest_preceding_finger-r received (0x47efa23d 53185)
update-q sent (0x47efa23d 0xab9558d5 53188 6)
update-r received (0x47efa23d 0 0xab9558d5 53188 6)
closest_preceding_finger-q sent (0xab955895)
closest_preceding_finger-r received (0x47efa23d 53185)
update-q sent (0x47efa23d 0xab9558d5 53188 7)
update-r received (0x47efa23d 0 0xab9558d5 53188 7)
closest_preceding_finger-q sent (0xab955855)
closest_preceding_finger-r received (0x47efa23d 53185)
update-q sent (0x47efa23d 0xab9558d5 53188 8)
update-r received (0x47efa23d 0 0xab9558d5 53188 8)
closest_preceding_finger-q sent (0xab9557d5)
closest_preceding_finger-r received (0x47efa23d 53185)
update-q sent (0x47efa23d 0xab9558d5 53188 9)
update-r received (0x47efa23d 0 0xab9558d5 53188 9)
closest_preceding_finger-q sent (0xab9556d5)
closest_preceding_finger-r received (0x47efa23d 53185)
update-q sent (0x47efa23d 0xab9558d5 53188 10)
update-r received (0x47efa23d 0 0xab9558d5 53188 10)
closest_preceding_finger-q sent (0xab9554d5)
closest_preceding_finger-r received (0x47efa23d 53185)
update-q sent (0x47efa23d 0xab9558d5 53188 11)
update-r received (0x47efa23d 0 0xab9558d5 53188 11)
closest_preceding_finger-q sent (0xab9550d5)
closest_preceding_finger-r received (0x47efa23d 53185)
update-q sent (0x47efa23d 0xab9558d5 53188 12)
update-r received (0x47efa23d 0 0xab9558d5 53188 12)
closest_preceding_finger-q sent (0xab9548d5)
closest_preceding_finger-r received (0x47efa23d 53185)
update-q sent (0x47efa23d 0xab9558d5 53188 13)
update-r received (0x47efa23d 0 0xab9558d5 53188 13)
closest_preceding_finger-q sent (0xab9538d5)
closest_preceding_finger-r received (0x47efa23d 53185)
update-q sent (0x47efa23d 0xab9558d5 53188 14)
update-r received (0x47efa23d 0 0xab9558d5 53188 14)
closest_preceding_finger-q sent (0xab9518d5)
closest_preceding_finger-r received (0x47efa23d 53185)
update-q sent (0x47efa23d 0xab9558d5 53188 15)
update-r received (0x47efa23d 0 0xab9558d5 53188 15)
closest_preceding_finger-q sent (0xab94d8d5)
closest_preceding_finger-r received (0x47efa23d 53185)
update-q sent (0x47efa23d 0xab9558d5 53188 16)
update-r received (0x47efa23d 0 0xab9558d5 53188 16)
closest_preceding_finger-q sent (0xab9458d5)
closest_preceding_finger-r received (0x47efa23d 53185)
update-q sent (0x47efa23d 0xab9558d5 53188 17)
update-r received (0x47efa23d 0 0xab9558d5 53188 17)
closest_preceding_finger-q sent (0xab9358d5)
closest_preceding_finger-r received (0x47efa23d 53185)
update-q sent (0x47efa23d 0xab9558d5 53188 18)
update-r received (0x47efa23d 0 0xab9558d5 53188 18)
closest_preceding_finger-q sent (0xab9158d5)
closest_preceding_finger-r received (0x47efa23d 53185)
update-q sent (0x47efa23d 0xab9558d5 53188 19)
update-r received (0x47efa23d 0 0xab9558d5 53188 19)
closest_preceding_finger-q sent (0xab8d58d5)
closest_preceding_finger-r received (0x47efa23d 53185)
update-q sent (0x47efa23d 0xab9558d5 53188 20)
update-r received (0x47efa23d 0 0xab9558d5 53188 20)
closest_preceding_finger-q sent (0xab8558d5)
closest_preceding_finger-r received (0x47efa23d 53185)
update-q sent (0x47efa23d 0xab9558d5 53188 21)
update-r received (0x47efa23d 0 0xab9558d5 53188 21)
closest_preceding_finger-q sent (0xab7558d5)
closest_preceding_finger-r received (0x47efa23d 53185)
update-q sent (0x47efa23d 0xab9558d5 53188 22)
update-r received (0x47efa23d 0 0xab9558d5 53188 22)
closest_preceding_finger-q sent (0xab5558d5)
closest_preceding_finger-r received (0x47efa23d 53185)
update-q sent (0x47efa23d 0xab9558d5 53188 23)
update-r received (0x47efa23d 0 0xab9558d5 53188 23)
closest_preceding_finger-q sent (0xab1558d5)
closest_preceding_finger-r received (0x47efa23d 53185)
update-q sent (0x47efa23d 0xab9558d5 53188 24)
update-r received (0x47efa23d 0 0xab9558d5 53188 24)
closest_preceding_finger-q sent (0xaa9558d5)
closest_preceding_finger-r received (0x47efa23d 53185)
update-q sent (0x47efa23d 0xab9558d5 53188 25)
update-r received (0x47efa23d 0 0xab9558d5 53188 25)
closest_preceding_finger-q sent (0xa99558d5)
closest_preceding_finger-r received (0x47efa23d 53185)
update-q sent (0x47efa23d 0xab9558d5 53188 26)
update-r received (0x47efa23d 0 0xab9558d5 53188 26)
closest_preceding_finger-q sent (0xa79558d5)
closest_preceding_finger-r received (0x47efa23d 53185)
update-q sent (0x47efa23d 0xab9558d5 53188 27)
update-r received (0x47efa23d 0 0xab9558d5 53188 27)
closest_preceding_finger-q sent (0xa39558d5)
closest_preceding_finger-r received (0x47efa23d 53185)
update-q sent (0x47efa23d 0xab9558d5 53188 28)
update-r received (0x47efa23d 0 0xab9558d5 53188 28)
closest_preceding_finger-q sent (0x9b9558d5)
closest_preceding_finger-r received (0x47efa23d 53185)
update-q sent (0x47efa23d 0xab9558d5 53188 29)
update-r received (0x47efa23d 0 0xab9558d5 53188 29)
closest_preceding_finger-q sent (0x8b9558d5)
closest_preceding_finger-r received (0x47efa23d 53185)
update-q sent (0x47efa23d 0xab9558d5 53188 30)
update-r received (0x47efa23d 0 0xab9558d5 53188 30)
closest_preceding_finger-q sent (0x6b9558d5)
closest_preceding_finger-r received (0x47efa23d 53185)
update-q sent (0x47efa23d 0xab9558d5 53188 31)
update-r received (0x47efa23d 0 0xab9558d5 53188 31)
closest_preceding_finger-q sent (0x2b9558d5)
closest_preceding_finger-r received (0x270056fe 53182)
update-q sent (0x270056fe 0xab9558d5 53188 32)
update-r received (0x270056fe 1 0xab9558d5 53188 32)

successor-q received (0xab9558d5)
successor-r sent (0xab9558d5 0x270056fe 53182)

update-q received (0xab9558d5 0xbf0a5ea2 53191 1)
successor-q sent (0xbf0a5ea2)
successor-r received (0xbf0a5ea2 0x270056fe 53182)
update-double-successor-r received (0xbf0a5ea2 0xcfc7)
update-q sent (0x47efa23d 0xbf0a5ea2 53191 1)
update-r received (0x47efa23d 0 0xbf0a5ea2 53191 1)
update-r sent (0xab9558d5 0x0 0xbf0a5ea2 53191 1)

update-q received (0xab9558d5 0xbf0a5ea2 53191 2)
update-q sent (0x47efa23d 0xbf0a5ea2 53191 2)
update-r received (0x47efa23d 0 0xbf0a5ea2 53191 2)
update-r sent (0xab9558d5 0x0 0xbf0a5ea2 53191 2)

update-q received (0xab9558d5 0xbf0a5ea2 53191 3)
update-q sent (0x47efa23d 0xbf0a5ea2 53191 3)
update-r received (0x47efa23d 0 0xbf0a5ea2 53191 3)
update-r sent (0xab9558d5 0x0 0xbf0a5ea2 53191 3)

update-q received (0xab9558d5 0xbf0a5ea2 53191 4)
update-q sent (0x47efa23d 0xbf0a5ea2 53191 4)
update-r received (0x47efa23d 0 0xbf0a5ea2 53191 4)
update-r sent (0xab9558d5 0x0 0xbf0a5ea2 53191 4)

update-q received (0xab9558d5 0xbf0a5ea2 53191 5)
update-q sent (0x47efa23d 0xbf0a5ea2 53191 5)
update-r received (0x47efa23d 0 0xbf0a5ea2 53191 5)
update-r sent (0xab9558d5 0x0 0xbf0a5ea2 53191 5)

update-q received (0xab9558d5 0xbf0a5ea2 53191 6)
update-q sent (0x47efa23d 0xbf0a5ea2 53191 6)
update-r received (0x47efa23d 0 0xbf0a5ea2 53191 6)
update-r sent (0xab9558d5 0x0 0xbf0a5ea2 53191 6)

update-q received (0xab9558d5 0xbf0a5ea2 53191 7)
update-q sent (0x47efa23d 0xbf0a5ea2 53191 7)
update-r received (0x47efa23d 0 0xbf0a5ea2 53191 7)
update-r sent (0xab9558d5 0x0 0xbf0a5ea2 53191 7)

update-q received (0xab9558d5 0xbf0a5ea2 53191 8)
update-q sent (0x47efa23d 0xbf0a5ea2 53191 8)
update-r received (0x47efa23d 0 0xbf0a5ea2 53191 8)
update-r sent (0xab9558d5 0x0 0xbf0a5ea2 53191 8)

update-q received (0xab9558d5 0xbf0a5ea2 53191 9)
update-q sent (0x47efa23d 0xbf0a5ea2 53191 9)
update-r received (0x47efa23d 0 0xbf0a5ea2 53191 9)
update-r sent (0xab9558d5 0x0 0xbf0a5ea2 53191 9)

update-q received (0xab9558d5 0xbf0a5ea2 53191 10)
update-q sent (0x47efa23d 0xbf0a5ea2 53191 10)
update-r received (0x47efa23d 0 0xbf0a5ea2 53191 10)
update-r sent (0xab9558d5 0x0 0xbf0a5ea2 53191 10)

update-q received (0xab9558d5 0xbf0a5ea2 53191 11)
update-q sent (0x47efa23d 0xbf0a5ea2 53191 11)
update-r received (0x47efa23d 0 0xbf0a5ea2 53191 11)
update-r sent (0xab9558d5 0x0 0xbf0a5ea2 53191 11)

update-q received (0xab9558d5 0xbf0a5ea2 53191 12)
update-q sent (0x47efa23d 0xbf0a5ea2 53191 12)
update-r received (0x47efa23d 0 0xbf0a5ea2 53191 12)
update-r sent (0xab9558d5 0x0 0xbf0a5ea2 53191 12)

update-q received (0xab9558d5 0xbf0a5ea2 53191 13)
update-q sent (0x47efa23d 0xbf0a5ea2 53191 13)
update-r received (0x47efa23d 0 0xbf0a5ea2 53191 13)
update-r sent (0xab9558d5 0x0 0xbf0a5ea2 53191 13)

update-q received (0xab9558d5 0xbf0a5ea2 53191 14)
update-q sent (0x47efa23d 0xbf0a5ea2 53191 14)
update-r received (0x47efa23d 0 0xbf0a5ea2 53191 14)
update-r sent (0xab9558d5 0x0 0xbf0a5ea2 53191 14)

update-q received (0xab9558d5 0xbf0a5ea2 53191 15)
update-q sent (0x47efa23d 0xbf0a5ea2 53191 15)
update-r received (0x47efa23d 0 0xbf0a5ea2 53191 15)
update-r sent (0xab9558d5 0x0 0xbf0a5ea2 53191 15)

update-q received (0xab9558d5 0xbf0a5ea2 53191 16)
update-q sent (0x47efa23d 0xbf0a5ea2 53191 16)
update-r received (0x47efa23d 0 0xbf0a5ea2 53191 16)
update-r sent (0xab9558d5 0x0 0xbf0a5ea2 53191 16)

update-q received (0xab9558d5 0xbf0a5ea2 53191 17)
update-q sent (0x47efa23d 0xbf0a5ea2 53191 17)
update-r received (0x47efa23d 0 0xbf0a5ea2 53191 17)
update-r sent (0xab9558d5 0x0 0xbf0a5ea2 53191 17)

update-q received (0xab9558d5 0xbf0a5ea2 53191 18)
update-q sent (0x47efa23d 0xbf0a5ea2 53191 18)
update-r received (0x47efa23d 0 0xbf0a5ea2 53191 18)
update-r sent (0xab9558d5 0x0 0xbf0a5ea2 53191 18)

update-q received (0xab9558d5 0xbf0a5ea2 53191 19)
update-q sent (0x47efa23d 0xbf0a5ea2 53191 19)
update-r received (0x47efa23d 0 0xbf0a5ea2 53191 19)
update-r sent (0xab9558d5 0x0 0xbf0a5ea2 53191 19)

update-q received (0xab9558d5 0xbf0a5ea2 53191 20)
update-q sent (0x47efa23d 0xbf0a5ea2 53191 20)
update-r received (0x47efa23d 0 0xbf0a5ea2 53191 20)
update-r sent (0xab9558d5 0x0 0xbf0a5ea2 53191 20)

update-q received (0xab9558d5 0xbf0a5ea2 53191 21)
update-q sent (0x47efa23d 0xbf0a5ea2 53191 21)
update-r received (0x47efa23d 0 0xbf0a5ea2 53191 21)
update-r sent (0xab9558d5 0x0 0xbf0a5ea2 53191 21)

update-q received (0xab9558d5 0xbf0a5ea2 53191 22)
update-q sent (0x47efa23d 0xbf0a5ea2 53191 22)
update-r received (0x47efa23d 0 0xbf0a5ea2 53191 22)
update-r sent (0xab9558d5 0x0 0xbf0a5ea2 53191 22)

update-q received (0xab9558d5 0xbf0a5ea2 53191 23)
update-q sent (0x47efa23d 0xbf0a5ea2 53191 23)
update-r received (0x47efa23d 0 0xbf0a5ea2 53191 23)
update-r sent (0xab9558d5 0x0 0xbf0a5ea2 53191 23)

update-q received (0xab9558d5 0xbf0a5ea2 53191 24)
update-q sent (0x47efa23d 0xbf0a5ea2 53191 24)
update-r received (0x47efa23d 0 0xbf0a5ea2 53191 24)
update-r sent (0xab9558d5 0x0 0xbf0a5ea2 53191 24)

update-q received (0xab9558d5 0xbf0a5ea2 53191 25)
update-q sent (0x47efa23d 0xbf0a5ea2 53191 25)
update-r received (0x47efa23d 0 0xbf0a5ea2 53191 25)
update-r sent (0xab9558d5 0x0 0xbf0a5ea2 53191 25)

update-q received (0xab9558d5 0xbf0a5ea2 53191 26)
update-q sent (0x47efa23d 0xbf0a5ea2 53191 26)
update-r received (0x47efa23d 0 0xbf0a5ea2 53191 26)
update-r sent (0xab9558d5 0x0 0xbf0a5ea2 53191 26)

update-q received (0xab9558d5 0xbf0a5ea2 53191 27)
update-q sent (0x47efa23d 0xbf0a5ea2 53191 27)
update-r received (0x47efa23d 0 0xbf0a5ea2 53191 27)
update-r sent (0xab9558d5 0x0 0xbf0a5ea2 53191 27)

update-q received (0xab9558d5 0xbf0a5ea2 53191 28)
update-q sent (0x47efa23d 0xbf0a5ea2 53191 28)
update-r received (0x47efa23d 0 0xbf0a5ea2 53191 28)
update-r sent (0xab9558d5 0x0 0xbf0a5ea2 53191 28)

update-q received (0xab9558d5 0xbf0a5ea2 53191 29)
update-q sent (0x47efa23d 0xbf0a5ea2 53191 29)
update-r received (0x47efa23d 0 0xbf0a5ea2 53191 29)
update-r sent (0xab9558d5 0x0 0xbf0a5ea2 53191 29)

successor-q received (0xab9558d5)
successor-r sent (0xab9558d5 0xbf0a5ea2 53191)

successor-q received (0xab9558d5)
successor-r sent (0xab9558d5 0xbf0a5ea2 53191)

stores-q received (0xab9558d5 0x7f0a5ea2 )
stores-r sent (0xab9558d5 0x7f0a5ea2 0xab9558d5 53188 0)

stores-q received (0xab9558d5 0x7f0a5ea2 )
stores-r sent (0xab9558d5 0x7f0a5ea2 0xab9558d5 53188 0)

stores-q received (0xab9558d5 0xbf0a5ea2 )
stores-q sent (0xbf0a5ea2 0xbf0a5ea2 )
store-q received (0xab9558d5 5 7f0a5ea2 alpha )
stored alpha : alpha with hash 7f0a5ea2
store-r sent (0xab9558d5 0x1 0x5 0x7f0a5ea2 alpha )
stores-r received (0xbf0a5ea2 0xbf0a5ea2 0xbf0a5ea2 53191 0)
stores-r sent (0xab9558d5 0xbf0a5ea2 0xbf0a5ea2 53191 0)

stores-q received (0xab9558d5 0xff0a5ea2 )
stores-q sent (0x270056fe 0xff0a5ea2 )
stores-r received (0x270056fe 0xff0a5ea2 0x270056fe 53182 0)
stores-r sent (0xab9558d5 0xff0a5ea2 0x270056fe 53182 0)

stores-q received (0xab9558d5 0x7eba5174 )
stores-r sent (0xab9558d5 0x7eba5174 0xab9558d5 53188 0)

stores-q received (0xab9558d5 0x7eba5174 )
stores-r sent (0xab9558d5 0x7eba5174 0xab9558d5 53188 0)

stores-q received (0xab9558d5 0xbeba5174 )
stores-q sent (0xbf0a5ea2 0xbeba5174 )
store-q received (0xab9558d5 4 7eba5174 beta )
stored beta : beta with hash 7eba5174
store-r sent (0xab9558d5 0x1 0x4 0x7eba5174 beta )
stores-r received (0xbf0a5ea2 0xbeba5174 0xbf0a5ea2 53191 0)
stores-r sent (0xab9558d5 0xbeba5174 0xbf0a5ea2 53191 0)

stores-q received (0xab9558d5 0xfeba5174 )
stores-q sent (0x270056fe 0xfeba5174 )
stores-r received (0x270056fe 0xfeba5174 0x270056fe 53182 0)
stores-r sent (0xab9558d5 0xfeba5174 0x270056fe 53182 0)

stores-q received (0xab9558d5 0x7cee9126 )
stores-r sent (0xab9558d5 0x7cee9126 0xab9558d5 53188 0)

stores-q received (0xab9558d5 0x7cee9126 )
stores-r sent (0xab9558d5 0x7cee9126 0xab9558d5 53188 0)

stores-q received (0xab9558d5 0xbcee9126 )
stores-q sent (0xbf0a5ea2 0xbcee9126 )
store-q received (0xab9558d5 5 7cee9126 gamma )
stored gamma : gamma with hash 7cee9126
store-r sent (0xab9558d5 0x1 0x5 0x7cee9126 gamma )
stores-r received (0xbf0a5ea2 0xbcee9126 0xbf0a5ea2 53191 0)
stores-r sent (0xab9558d5 0xbcee9126 0xbf0a5ea2 53191 0)

stores-q received (0xab9558d5 0xfcee9126 )
stores-q sent (0x270056fe 0xfcee9126 )
stores-r received (0x270056fe 0xfcee9126 0x270056fe 53182 0)
stores-r sent (0xab9558d5 0xfcee9126 0x270056fe 53182 0)

stores-q received (0xab9558d5 0x670056fe )
stores-r sent (0xab9558d5 0x670056fe 0xab9558d5 53188 0)

stores-q received (0xab9558d5 0x670056fe )
stores-r sent (0xab9558d5 0x670056fe 0xab9558d5 53188 0)

stores-q received (0xab9558d5 0xa70056fe )
stores-r sent (0xab9558d5 0xa70056fe 0xab9558d5 53188 0)

store-q received (0xab9558d5 5 670056fe delta )
stored delta : delta with hash 670056fe
store-r sent (0xab9558d5 0x1 0x5 0x670056fe delta )

stores-q received (0xab9558d5 0xa70056fe )
stores-r sent (0xab9558d5 0xa70056fe 0xab9558d5 53188 0)

stores-q received (0xab9558d5 0xe70056fe )
stores-q sent (0x270056fe 0xe70056fe )
store-q received (0xab9558d5 5 a70056fe delta )
stored delta : delta with hash a70056fe
store-r sent (0xab9558d5 0x1 0x5 0xa70056fe delta )
stores-r received (0x270056fe 0xe70056fe 0x270056fe 53182 0)
stores-r sent (0xab9558d5 0xe70056fe 0x270056fe 53182 0)

stores-q received (0xab9558d5 0x214260f5 )
stores-q sent (0x270056fe 0x214260f5 )
stores-r received (0x270056fe 0x214260f5 0x270056fe 53182 0)
stores-r sent (0xab9558d5 0x214260f5 0x270056fe 53182 0)

stores-q received (0xab9558d5 0x614260f5 )
stores-r sent (0xab9558d5 0x614260f5 0xab9558d5 53188 0)

stores-q received (0xab9558d5 0x614260f5 )
stores-r sent (0xab9558d5 0x614260f5 0xab9558d5 53188 0)

stores-q received (0xab9558d5 0xa14260f5 )
stores-r sent (0xab9558d5 0xa14260f5 0xab9558d5 53188 0)

store-q received (0xab9558d5 7 614260f5 epsilon )
stored epsilon : epsilon with hash 614260f5
store-r sent (0xab9558d5 0x1 0x7 0x614260f5 epsilon )

stores-q received (0xab9558d5 0xa14260f5 )
stores-r sent (0xab9558d5 0xa14260f5 0xab9558d5 53188 0)

stores-q received (0xab9558d5 0xe14260f5 )
stores-q sent (0x270056fe 0xe14260f5 )
store-q received (0xab9558d5 7 a14260f5 epsilon )
stored epsilon : epsilon with hash a14260f5
store-r sent (0xab9558d5 0x1 0x7 0xa14260f5 epsilon )
stores-r received (0x270056fe 0xe14260f5 0x270056fe 53182 0)
stores-r sent (0xab9558d5 0xe14260f5 0x270056fe 53182 0)

stores-q received (0xab9558d5 0x670056fe )
stores-r sent (0xab9558d5 0x670056fe 0xab9558d5 53188 1)

stores-q received (0xab9558d5 0x670056fe )
stores-r sent (0xab9558d5 0x670056fe 0xab9558d5 53188 1)

ext-stores-q received (0xab9558d5 0x670056fe )
ext-stores-r sent (0xab9558d5 0x670056fe 0xab9558d5 53188 1 5 delta)

stores-q received (0xab9558d5 0x7eba5174 )
stores-r sent (0xab9558d5 0x7eba5174 0xab9558d5 53188 1)

stores-q received (0xab9558d5 0x7eba5174 )
stores-r sent (0xab9558d5 0x7eba5174 0xab9558d5 53188 1)

ext-stores-q received (0xab9558d5 0x7eba5174 )
ext-stores-r sent (0xab9558d5 0x7eba5174 0xab9558d5 53188 1 4 beta)
